<?xml version="1.0" encoding="UTF-8"?>
<testsuites>
  <testsuite name="C:\laragon\www\Koru\phpunit.xml" tests="86" assertions="262" errors="0" failures="4" skipped="6" time="4.782403">
    <testsuite name="Unit" tests="15" assertions="39" errors="0" failures="0" skipped="0" time="0.790799">
      <testsuite name="Tests\Unit\DiscountServiceTest" file="C:\laragon\www\Koru\tests\Unit\DiscountServiceTest.php" tests="7" assertions="19" errors="0" failures="0" skipped="0" time="0.533489">
        <testcase name="test_no_discount_returns_full_price" file="C:\laragon\www\Koru\tests\Unit\DiscountServiceTest.php" line="27" class="Tests\Unit\DiscountServiceTest" classname="Tests.Unit.DiscountServiceTest" assertions="4" time="0.430404"/>
        <testcase name="test_sunday_applies_fifty_percent_discount_by_default" file="C:\laragon\www\Koru\tests\Unit\DiscountServiceTest.php" line="37" class="Tests\Unit\DiscountServiceTest" classname="Tests.Unit.DiscountServiceTest" assertions="4" time="0.030085"/>
        <testcase name="test_configurable_percentage_applies_to_any_day" file="C:\laragon\www\Koru\tests\Unit\DiscountServiceTest.php" line="49" class="Tests\Unit\DiscountServiceTest" classname="Tests.Unit.DiscountServiceTest" assertions="3" time="0.016094"/>
        <testcase name="test_inactive_day_setting_is_ignored" file="C:\laragon\www\Koru\tests\Unit\DiscountServiceTest.php" line="63" class="Tests\Unit\DiscountServiceTest" classname="Tests.Unit.DiscountServiceTest" assertions="3" time="0.014196"/>
        <testcase name="test_zero_price_returns_zero" file="C:\laragon\www\Koru\tests\Unit\DiscountServiceTest.php" line="77" class="Tests\Unit\DiscountServiceTest" classname="Tests.Unit.DiscountServiceTest" assertions="2" time="0.014161"/>
        <testcase name="test_percentage_is_capped_at_one_hundred" file="C:\laragon\www\Koru\tests\Unit\DiscountServiceTest.php" line="87" class="Tests\Unit\DiscountServiceTest" classname="Tests.Unit.DiscountServiceTest" assertions="1" time="0.013985"/>
        <testcase name="test_uses_today_when_no_day_provided" file="C:\laragon\www\Koru\tests\Unit\DiscountServiceTest.php" line="99" class="Tests\Unit\DiscountServiceTest" classname="Tests.Unit.DiscountServiceTest" assertions="2" time="0.014564"/>
      </testsuite>
      <testsuite name="Tests\Unit\ExampleTest" file="C:\laragon\www\Koru\tests\Unit\ExampleTest.php" tests="1" assertions="1" errors="0" failures="0" skipped="0" time="0.000742">
        <testcase name="test_that_true_is_true" file="C:\laragon\www\Koru\tests\Unit\ExampleTest.php" line="12" class="Tests\Unit\ExampleTest" classname="Tests.Unit.ExampleTest" assertions="1" time="0.000742"/>
      </testsuite>
      <testsuite name="Tests\Unit\HeroSlideTest" file="C:\laragon\www\Koru\tests\Unit\HeroSlideTest.php" tests="3" assertions="7" errors="0" failures="0" skipped="0" time="0.040099">
        <testcase name="test_hero_slide_has_fillable_attributes" file="C:\laragon\www\Koru\tests\Unit\HeroSlideTest.php" line="13" class="Tests\Unit\HeroSlideTest" classname="Tests.Unit.HeroSlideTest" assertions="5" time="0.013751"/>
        <testcase name="test_hero_slide_scope_active_returns_only_active_slides" file="C:\laragon\www\Koru\tests\Unit\HeroSlideTest.php" line="33" class="Tests\Unit\HeroSlideTest" classname="Tests.Unit.HeroSlideTest" assertions="1" time="0.013230"/>
        <testcase name="test_hero_slide_scope_ordered_orders_by_sort_order" file="C:\laragon\www\Koru\tests\Unit\HeroSlideTest.php" line="38" class="Tests\Unit\HeroSlideTest" classname="Tests.Unit.HeroSlideTest" assertions="1" time="0.013118"/>
      </testsuite>
      <testsuite name="Tests\Unit\ServiceManagerLivewireTest" file="C:\laragon\www\Koru\tests\Unit\ServiceManagerLivewireTest.php" tests="4" assertions="12" errors="0" failures="0" skipped="0" time="0.216469">
        <testcase name="test_filter_category_select_filters_services" file="C:\laragon\www\Koru\tests\Unit\ServiceManagerLivewireTest.php" line="21" class="Tests\Unit\ServiceManagerLivewireTest" classname="Tests.Unit.ServiceManagerLivewireTest" assertions="3" time="0.085992"/>
        <testcase name="test_filter_category_all_shows_all_services" file="C:\laragon\www\Koru\tests\Unit\ServiceManagerLivewireTest.php" line="37" class="Tests\Unit\ServiceManagerLivewireTest" classname="Tests.Unit.ServiceManagerLivewireTest" assertions="2" time="0.025858"/>
        <testcase name="test_creating_a_service_shows_the_inline_form_panel" file="C:\laragon\www\Koru\tests\Unit\ServiceManagerLivewireTest.php" line="51" class="Tests\Unit\ServiceManagerLivewireTest" classname="Tests.Unit.ServiceManagerLivewireTest" assertions="3" time="0.028997"/>
        <testcase name="test_service_price_rejects_values_above_decimal_limit" file="C:\laragon\www\Koru\tests\Unit\ServiceManagerLivewireTest.php" line="63" class="Tests\Unit\ServiceManagerLivewireTest" classname="Tests.Unit.ServiceManagerLivewireTest" assertions="4" time="0.075622"/>
      </testsuite>
    </testsuite>
    <testsuite name="Feature" tests="71" assertions="223" errors="0" failures="4" skipped="6" time="3.991605">
      <testsuite name="Tests\Feature\AboutPageSimpleTest" file="C:\laragon\www\Koru\tests\Feature\AboutPageSimpleTest.php" tests="1" assertions="1" errors="0" failures="0" skipped="0" time="0.032069">
        <testcase name="test_livewire_test_works" file="C:\laragon\www\Koru\tests\Feature\AboutPageSimpleTest.php" line="16" class="Tests\Feature\AboutPageSimpleTest" classname="Tests.Feature.AboutPageSimpleTest" assertions="1" time="0.032069"/>
      </testsuite>
      <testsuite name="Tests\Feature\AboutPageTest" file="C:\laragon\www\Koru\tests\Feature\AboutPageTest.php" tests="4" assertions="17" errors="0" failures="0" skipped="0" time="0.171091">
        <testcase name="test_about_page_loads_existing_data" file="C:\laragon\www\Koru\tests\Feature\AboutPageTest.php" line="30" class="Tests\Feature\AboutPageTest" classname="Tests.Feature.AboutPageTest" assertions="9" time="0.053188"/>
        <testcase name="test_about_page_creates_record_when_none_exists" file="C:\laragon\www\Koru\tests\Feature\AboutPageTest.php" line="64" class="Tests\Feature\AboutPageTest" classname="Tests.Feature.AboutPageTest" assertions="2" time="0.027797"/>
        <testcase name="test_about_page_updates_existing_record" file="C:\laragon\www\Koru\tests\Feature\AboutPageTest.php" line="74" class="Tests\Feature\AboutPageTest" classname="Tests.Feature.AboutPageTest" assertions="3" time="0.057612"/>
        <testcase name="test_about_page_syncs_glance_items" file="C:\laragon\www\Koru\tests\Feature\AboutPageTest.php" line="113" class="Tests\Feature\AboutPageTest" classname="Tests.Feature.AboutPageTest" assertions="3" time="0.032493"/>
      </testsuite>
      <testsuite name="Tests\Feature\AdminCoreSectionsTest" file="C:\laragon\www\Koru\tests\Feature\AdminCoreSectionsTest.php" tests="11" assertions="44" errors="0" failures="0" skipped="0" time="0.519476">
        <testcase name="test_admin_login_redirects_to_dashboard" file="C:\laragon\www\Koru\tests\Feature\AdminCoreSectionsTest.php" line="30" class="Tests\Feature\AdminCoreSectionsTest" classname="Tests.Feature.AdminCoreSectionsTest" assertions="2" time="0.033293"/>
        <testcase name="test_admin_login_shows_error_with_invalid_credentials" file="C:\laragon\www\Koru\tests\Feature\AdminCoreSectionsTest.php" line="41" class="Tests\Feature\AdminCoreSectionsTest" classname="Tests.Feature.AdminCoreSectionsTest" assertions="1" time="0.247212"/>
        <testcase name="test_dashboard_shows_inicio_panel_by_default" file="C:\laragon\www\Koru\tests\Feature\AdminCoreSectionsTest.php" line="52" class="Tests\Feature\AdminCoreSectionsTest" classname="Tests.Feature.AdminCoreSectionsTest" assertions="8" time="0.039751"/>
        <testcase name="test_about_index_shows_sidebar" file="C:\laragon\www\Koru\tests\Feature\AdminCoreSectionsTest.php" line="70" class="Tests\Feature\AdminCoreSectionsTest" classname="Tests.Feature.AdminCoreSectionsTest" assertions="4" time="0.025427"/>
        <testcase name="test_about_edit_shows_sidebar" file="C:\laragon\www\Koru\tests\Feature\AdminCoreSectionsTest.php" line="83" class="Tests\Feature\AdminCoreSectionsTest" classname="Tests.Feature.AdminCoreSectionsTest" assertions="4" time="0.022529"/>
        <testcase name="test_services_index_shows_sidebar" file="C:\laragon\www\Koru\tests\Feature\AdminCoreSectionsTest.php" line="96" class="Tests\Feature\AdminCoreSectionsTest" classname="Tests.Feature.AdminCoreSectionsTest" assertions="4" time="0.022687"/>
        <testcase name="test_services_create_shows_sidebar" file="C:\laragon\www\Koru\tests\Feature\AdminCoreSectionsTest.php" line="109" class="Tests\Feature\AdminCoreSectionsTest" classname="Tests.Feature.AdminCoreSectionsTest" assertions="4" time="0.022228"/>
        <testcase name="test_services_edit_shows_sidebar" file="C:\laragon\www\Koru\tests\Feature\AdminCoreSectionsTest.php" line="121" class="Tests\Feature\AdminCoreSectionsTest" classname="Tests.Feature.AdminCoreSectionsTest" assertions="4" time="0.026218"/>
        <testcase name="test_services_create_route_shows_modal_form" file="C:\laragon\www\Koru\tests\Feature\AdminCoreSectionsTest.php" line="134" class="Tests\Feature\AdminCoreSectionsTest" classname="Tests.Feature.AdminCoreSectionsTest" assertions="4" time="0.024469"/>
        <testcase name="test_services_edit_route_shows_modal_form" file="C:\laragon\www\Koru\tests\Feature\AdminCoreSectionsTest.php" line="146" class="Tests\Feature\AdminCoreSectionsTest" classname="Tests.Feature.AdminCoreSectionsTest" assertions="3" time="0.024758"/>
        <testcase name="test_services_index_paginates_by_five_and_filters_by_category" file="C:\laragon\www\Koru\tests\Feature\AdminCoreSectionsTest.php" line="158" class="Tests\Feature\AdminCoreSectionsTest" classname="Tests.Feature.AdminCoreSectionsTest" assertions="6" time="0.030906"/>
      </testsuite>
      <testsuite name="Tests\Feature\CourseEnrollmentTest" file="C:\laragon\www\Koru\tests\Feature\CourseEnrollmentTest.php" tests="7" assertions="35" errors="0" failures="0" skipped="0" time="0.240024">
        <testcase name="test_professional_ce_cards_open_registration_for_the_selected_course" file="C:\laragon\www\Koru\tests\Feature\CourseEnrollmentTest.php" line="28" class="Tests\Feature\CourseEnrollmentTest" classname="Tests.Feature.CourseEnrollmentTest" assertions="3" time="0.024120"/>
        <testcase name="test_visitor_can_enroll_in_an_active_course_from_the_website" file="C:\laragon\www\Koru\tests\Feature\CourseEnrollmentTest.php" line="45" class="Tests\Feature\CourseEnrollmentTest" classname="Tests.Feature.CourseEnrollmentTest" assertions="4" time="0.042670"/>
        <testcase name="test_visitor_cannot_enroll_when_turnstile_rejects_the_token" file="C:\laragon\www\Koru\tests\Feature\CourseEnrollmentTest.php" line="86" class="Tests\Feature\CourseEnrollmentTest" classname="Tests.Feature.CourseEnrollmentTest" assertions="4" time="0.053465"/>
        <testcase name="test_visitor_must_complete_required_enrollment_fields" file="C:\laragon\www\Koru\tests\Feature\CourseEnrollmentTest.php" line="120" class="Tests\Feature\CourseEnrollmentTest" classname="Tests.Feature.CourseEnrollmentTest" assertions="12" time="0.024055"/>
        <testcase name="test_visitor_cannot_enroll_in_an_inactive_or_expired_course" file="C:\laragon\www\Koru\tests\Feature\CourseEnrollmentTest.php" line="141" class="Tests\Feature\CourseEnrollmentTest" classname="Tests.Feature.CourseEnrollmentTest" assertions="4" time="0.032031"/>
        <testcase name="test_phone_must_be_exactly_ten_digits" file="C:\laragon\www\Koru\tests\Feature\CourseEnrollmentTest.php" line="167" class="Tests\Feature\CourseEnrollmentTest" classname="Tests.Feature.CourseEnrollmentTest" assertions="4" time="0.031935"/>
        <testcase name="test_license_number_must_use_ma_and_five_digits" file="C:\laragon\www\Koru\tests\Feature\CourseEnrollmentTest.php" line="193" class="Tests\Feature\CourseEnrollmentTest" classname="Tests.Feature.CourseEnrollmentTest" assertions="4" time="0.031749"/>
      </testsuite>
      <testsuite name="Tests\Feature\DiscountSettingsPageTest" file="C:\laragon\www\Koru\tests\Feature\DiscountSettingsPageTest.php" tests="6" assertions="0" errors="0" failures="0" skipped="6" time="0.000000">
        <testcase name="test_discounts_index_route_is_accessible_to_admin" file="C:\laragon\www\Koru\tests\Feature\DiscountSettingsPageTest.php" line="33" class="Tests\Feature\DiscountSettingsPageTest" classname="Tests.Feature.DiscountSettingsPageTest" assertions="0" time="0.000000">
          <skipped/>
        </testcase>
        <testcase name="test_discounts_index_shows_all_week_days" file="C:\laragon\www\Koru\tests\Feature\DiscountSettingsPageTest.php" line="44" class="Tests\Feature\DiscountSettingsPageTest" classname="Tests.Feature.DiscountSettingsPageTest" assertions="0" time="0.000000">
          <skipped/>
        </testcase>
        <testcase name="test_admin_can_save_per_day_discount" file="C:\laragon\www\Koru\tests\Feature\DiscountSettingsPageTest.php" line="55" class="Tests\Feature\DiscountSettingsPageTest" classname="Tests.Feature.DiscountSettingsPageTest" assertions="0" time="0.000000">
          <skipped/>
        </testcase>
        <testcase name="test_percentage_is_validated_within_range" file="C:\laragon\www\Koru\tests\Feature\DiscountSettingsPageTest.php" line="79" class="Tests\Feature\DiscountSettingsPageTest" classname="Tests.Feature.DiscountSettingsPageTest" assertions="0" time="0.000000">
          <skipped/>
        </testcase>
        <testcase name="test_existing_settings_are_loaded_into_form" file="C:\laragon\www\Koru\tests\Feature\DiscountSettingsPageTest.php" line="89" class="Tests\Feature\DiscountSettingsPageTest" classname="Tests.Feature.DiscountSettingsPageTest" assertions="0" time="0.000000">
          <skipped/>
        </testcase>
        <testcase name="test_new_days_default_to_inactive_when_no_setting_exists" file="C:\laragon\www\Koru\tests\Feature\DiscountSettingsPageTest.php" line="100" class="Tests\Feature\DiscountSettingsPageTest" classname="Tests.Feature.DiscountSettingsPageTest" assertions="0" time="0.000000">
          <skipped/>
        </testcase>
      </testsuite>
      <testsuite name="Tests\Feature\ExampleTest" file="C:\laragon\www\Koru\tests\Feature\ExampleTest.php" tests="1" assertions="1" errors="0" failures="0" skipped="0" time="0.044936">
        <testcase name="test_the_application_returns_a_successful_response" file="C:\laragon\www\Koru\tests\Feature\ExampleTest.php" line="15" class="Tests\Feature\ExampleTest" classname="Tests.Feature.ExampleTest" assertions="1" time="0.044936"/>
      </testsuite>
      <testsuite name="Tests\Feature\GoogleReviewManagementTest" file="C:\laragon\www\Koru\tests\Feature\GoogleReviewManagementTest.php" tests="3" assertions="12" errors="0" failures="0" skipped="0" time="0.066162">
        <testcase name="test_admin_can_access_google_review_manager_and_create_review" file="C:\laragon\www\Koru\tests\Feature\GoogleReviewManagementTest.php" line="16" class="Tests\Feature\GoogleReviewManagementTest" classname="Tests.Feature.GoogleReviewManagementTest" assertions="3" time="0.029915"/>
        <testcase name="test_only_active_google_reviews_are_shown_publicly" file="C:\laragon\www\Koru\tests\Feature\GoogleReviewManagementTest.php" line="41" class="Tests\Feature\GoogleReviewManagementTest" classname="Tests.Feature.GoogleReviewManagementTest" assertions="4" time="0.020222"/>
        <testcase name="test_testimonials_showcase_paginates_in_groups_of_three" file="C:\laragon\www\Koru\tests\Feature\GoogleReviewManagementTest.php" line="64" class="Tests\Feature\GoogleReviewManagementTest" classname="Tests.Feature.GoogleReviewManagementTest" assertions="5" time="0.016025"/>
      </testsuite>
      <testsuite name="Tests\Feature\IvTherapyShowcaseTest" file="C:\laragon\www\Koru\tests\Feature\IvTherapyShowcaseTest.php" tests="1" assertions="1" errors="0" failures="1" skipped="0" time="0.019983">
        <testcase name="test_iv_therapy_showcase_combines_iv_and_booster_items" file="C:\laragon\www\Koru\tests\Feature\IvTherapyShowcaseTest.php" line="14" class="Tests\Feature\IvTherapyShowcaseTest" classname="Tests.Feature.IvTherapyShowcaseTest" assertions="1" time="0.019983">
          <failure type="PHPUnit\Framework\ExpectationFailedException">Tests\Feature\IvTherapyShowcaseTest::test_iv_therapy_showcase_combines_iv_and_booster_items&#13;
Failed asserting that null matches expected 'iv'.
&#13;
C:\laragon\www\Koru\vendor\livewire\livewire\src\Features\SupportTesting\MakesAssertions.php:134
C:\laragon\www\Koru\tests\Feature\IvTherapyShowcaseTest.php:35</failure>
        </testcase>
      </testsuite>
      <testsuite name="Tests\Feature\LandingPageDiscountDisplayTest" file="C:\laragon\www\Koru\tests\Feature\LandingPageDiscountDisplayTest.php" tests="3" assertions="9" errors="0" failures="2" skipped="0" time="0.158486">
        <testcase name="test_landing_page_shows_discounted_prices_when_a_day_discount_is_active" file="C:\laragon\www\Koru\tests\Feature\LandingPageDiscountDisplayTest.php" line="16" class="Tests\Feature\LandingPageDiscountDisplayTest" classname="Tests.Feature.LandingPageDiscountDisplayTest" assertions="3" time="0.073589">
          <failure type="PHPUnit\Framework\ExpectationFailedException">Tests\Feature\LandingPageDiscountDisplayTest::test_landing_page_shows_discounted_prices_when_a_day_discount_is_active&#13;
Failed asserting that '&lt;!DOCTYPE html&gt;\n
&lt;html lang="en" class="scroll-smooth"&gt;\n
\n
&lt;head&gt;\n
    &lt;meta charset="utf-8"&gt;\n
    &lt;meta name="viewport" content="width=device-width, initial-scale=1"&gt;\n
    &lt;meta name="csrf-token" content="ytVZRuWyWwQ2S8uTq6MUY3R0xKPW019x9cN5BrNN"&gt;\n
\n
    &lt;!-- SEO: Meta Descripción Obligatoria --&gt;\n
    &lt;meta name="description"\n
        content="Advanced medical center management platform for specialized care, clinical history records, and healthcare supply inventory."&gt;\n
\n
    &lt;link rel="icon" type="image/png" href="http://koru.test/img/favicon.png"&gt;\n
\n
    &lt;!-- El título por defecto ahora es más corporativo y claro para el mercado de salud en USA --&gt;\n
    &lt;meta name="title" content="KORU Center | Clinical Management &amp;amp; Medical Supply Platform"&gt;\n
    &lt;title&gt;KORU Center | Clinical Management &amp;amp; Medical Supply Platform&lt;/title&gt;\n
\n
    &lt;!-- Rendimiento: Cargar CSS como recurso externo cacheable en producción --&gt;\n
    &lt;script type="module" src="http://[::1]:5173/@vite/client" data-navigate-track="reload"&gt;&lt;/script&gt;&lt;link rel="stylesheet" href="http://[::1]:5173/resources/css/app.css" data-navigate-track="reload" /&gt;&lt;script type="module" src="http://[::1]:5173/resources/js/app.js" data-navigate-track="reload"&gt;&lt;/script&gt;                    &lt;!--[if BLOCK]&gt;&lt;![endif]--&gt;&lt;!--[if ENDBLOCK]&gt;&lt;![endif]--&gt;    &lt;/head&gt;\n
\n
&lt;body\n
    x-data="{ cookieConsent: null }"\n
    x-init="try { cookieConsent = localStorage.getItem('koru_cookie_consent') } catch (error) { cookieConsent = null }"\n
    class="bg-cool-gray text-grafito antialiased overflow-x-hidden min-h-screen flex flex-col selection:bg-aqua/30 selection:text-teal"&gt;\n
\n
    &lt;main class="flex-grow w-full"&gt;\n
        &lt;div wire:snapshot="{&amp;quot;data&amp;quot;:{&amp;quot;headerNavItems&amp;quot;:[[[{&amp;quot;label&amp;quot;:&amp;quot;About&amp;quot;,&amp;quot;href&amp;quot;:&amp;quot;#about-us&amp;quot;},{&amp;quot;s&amp;quot;:&amp;quot;arr&amp;quot;}],[{&amp;quot;label&amp;quot;:&amp;quot;Services&amp;quot;,&amp;quot;href&amp;quot;:&amp;quot;#services&amp;quot;},{&amp;quot;s&amp;quot;:&amp;quot;arr&amp;quot;}],[{&amp;quot;label&amp;quot;:&amp;quot;Education&amp;quot;,&amp;quot;href&amp;quot;:&amp;quot;#education&amp;quot;},{&amp;quot;s&amp;quot;:&amp;quot;arr&amp;quot;}],[{&amp;quot;label&amp;quot;:&amp;quot;Team&amp;quot;,&amp;quot;href&amp;quot;:&amp;quot;#team&amp;quot;},{&amp;quot;s&amp;quot;:&amp;quot;arr&amp;quot;}],[{&amp;quot;label&amp;quot;:&amp;quot;Location&amp;quot;,&amp;quot;href&amp;quot;:&amp;quot;#location&amp;quot;},{&amp;quot;s&amp;quot;:&amp;quot;arr&amp;quot;}]],{&amp;quot;s&amp;quot;:&amp;quot;arr&amp;quot;}]},&amp;quot;memo&amp;quot;:{&amp;quot;id&amp;quot;:&amp;quot;sulQ5IGwiHu9fC0gEcuu&amp;quot;,&amp;quot;name&amp;quot;:&amp;quot;components.landing-page&amp;quot;,&amp;quot;path&amp;quot;:&amp;quot;\/&amp;quot;,&amp;quot;method&amp;quot;:&amp;quot;GET&amp;quot;,&amp;quot;release&amp;quot;:&amp;quot;a-a-a&amp;quot;,&amp;quot;children&amp;quot;:{&amp;quot;lw-580869671-0&amp;quot;:[&amp;quot;header&amp;quot;,&amp;quot;SFdwdIHQWeIxclmrznKs&amp;quot;],&amp;quot;lw-580869671-1-1&amp;quot;:[&amp;quot;div&amp;quot;,&amp;quot;AbYoxhKBTl6GVnMhUV51&amp;quot;],&amp;quot;lw-580869671-2-1&amp;quot;:[&amp;quot;&amp;quot;,&amp;quot;vCEBffITvYhnewWL2sPi&amp;quot;],&amp;quot;lw-580869671-3-1&amp;quot;:[&amp;quot;section&amp;quot;,&amp;quot;8e0alcZkDm829NeAAti8&amp;quot;],&amp;quot;lw-580869671-4-pagination-controls-manual_therapy-3&amp;quot;:[&amp;quot;section&amp;quot;,&amp;quot;GXV4leuydPJAFIIQeDak&amp;quot;],&amp;quot;lw-580869671-5-pagination-controls-manual_therapy-7&amp;quot;:[&amp;quot;section&amp;quot;,&amp;quot;TSmehW2bdTEnZEV2mykc&amp;quot;],&amp;quot;lw-580869671-6-pagination-controls-manual_therapy-7&amp;quot;:[&amp;quot;section&amp;quot;,&amp;quot;UIFicmGc8WYM8EbOc7D7&amp;quot;],&amp;quot;lw-580869671-7-packages-pricing-grid-9&amp;quot;:[&amp;quot;section&amp;quot;,&amp;quot;sxhtjNWkjXUDO5hQXgVJ&amp;quot;],&amp;quot;lw-580869671-8-packages-pricing-grid-9&amp;quot;:[&amp;quot;&amp;quot;,&amp;quot;ocmKBpcskvuCnZyHZSgK&amp;quot;],&amp;quot;lw-580869671-9-packages-pricing-grid-9&amp;quot;:[&amp;quot;footer&amp;quot;,&amp;quot;M4SBP6FTirq67C4kCR0i&amp;quot;]},&amp;quot;scripts&amp;quot;:[],&amp;quot;assets&amp;quot;:[],&amp;quot;errors&amp;quot;:[],&amp;quot;locale&amp;quot;:&amp;quot;en&amp;quot;,&amp;quot;islands&amp;quot;:[]},&amp;quot;checksum&amp;quot;:&amp;quot;1da70fdf07c546cac6ef554e6e4a092ed4a83f28c0ceda4f09e59e443a052d49&amp;quot;}" wire:effects="[]" wire:id="sulQ5IGwiHu9fC0gEcuu" wire:name="components.landing-page" class="flex min-h-screen flex-col bg-cool-gray" x-data="{ isLoaded: true }"&gt;\n
    \n
    &lt;header wire:key="lw-580869671-0" wire:snapshot="{&amp;quot;data&amp;quot;:{&amp;quot;headerNavItems&amp;quot;:[[[{&amp;quot;label&amp;quot;:&amp;quot;About&amp;quot;,&amp;quot;href&amp;quot;:&amp;quot;#about-us&amp;quot;},{&amp;quot;s&amp;quot;:&amp;quot;arr&amp;quot;}],[{&amp;quot;label&amp;quot;:&amp;quot;Services&amp;quot;,&amp;quot;href&amp;quot;:&amp;quot;#services&amp;quot;},{&amp;quot;s&amp;quot;:&amp;quot;arr&amp;quot;}],[{&amp;quot;label&amp;quot;:&amp;quot;Education&amp;quot;,&amp;quot;href&amp;quot;:&amp;quot;#education&amp;quot;},{&amp;quot;s&amp;quot;:&amp;quot;arr&amp;quot;}],[{&amp;quot;label&amp;quot;:&amp;quot;Team&amp;quot;,&amp;quot;href&amp;quot;:&amp;quot;#team&amp;quot;},{&amp;quot;s&amp;quot;:&amp;quot;arr&amp;quot;}],[{&amp;quot;label&amp;quot;:&amp;quot;Location&amp;quot;,&amp;quot;href&amp;quot;:&amp;quot;#location&amp;quot;},{&amp;quot;s&amp;quot;:&amp;quot;arr&amp;quot;}]],{&amp;quot;s&amp;quot;:&amp;quot;arr&amp;quot;}],&amp;quot;whatsappBookingUrl&amp;quot;:&amp;quot;https:\/\/wa.me\/17867528054?text=Hello%2C%20I%20would%20like%20to%20schedule%20an%20appointment.%20Please%20share%20availability%20and%20booking%20details.&amp;quot;},&amp;quot;memo&amp;quot;:{&amp;quot;id&amp;quot;:&amp;quot;SFdwdIHQWeIxclmrznKs&amp;quot;,&amp;quot;name&amp;quot;:&amp;quot;components.header&amp;quot;,&amp;quot;path&amp;quot;:&amp;quot;\/&amp;quot;,&amp;quot;method&amp;quot;:&amp;quot;GET&amp;quot;,&amp;quot;release&amp;quot;:&amp;quot;a-a-a&amp;quot;,&amp;quot;children&amp;quot;:[],&amp;quot;scripts&amp;quot;:[],&amp;quot;assets&amp;quot;:[],&amp;quot;errors&amp;quot;:[],&amp;quot;locale&amp;quot;:&amp;quot;en&amp;quot;,&amp;quot;islands&amp;quot;:[]},&amp;quot;checksum&amp;quot;:&amp;quot;837bb8f5102b021ea769cfb4575759f8366feac3ab049c71b458482d2489827e&amp;quot;}" wire:effects="[]" wire:id="SFdwdIHQWeIxclmrznKs" wire:name="components.header" x-data="{ mobileMenuOpen: false }"\n
    class="relative z-50 border-b border-slate-800/80 bg-[#020617] shadow-lg shadow-black/25"\n
        style="will-change: transform, background-color;"&gt;\n
    \n
    &lt;div class="mx-auto flex max-w-7xl items-center justify-between gap-4 px-4 py-4 sm:px-6 lg:px-8"&gt;\n
        \n
        &lt;!-- Logo Principal --&gt;\n
            &lt;a href="#about-us" class="flex items-center gap-3 focus-visible:outline-none focus-visible:ring-2 focus-visible:ring-aqua rounded-xl transition-transform active:scale-95" aria-label="KORU Center - Back to top"&gt;\n
            &lt;img src="http://koru.test/img/logo.png" alt="KORU Center" width="144" height="56" class="h-14 w-auto object-contain" loading="eager" decoding="async" fetchpriority="high" /&gt;\n
        &lt;/a&gt;\n
\n
        &lt;!-- Navegación de Escritorio (Desktop) --&gt;\n
        &lt;nav class="hidden items-center gap-8 lg:flex" aria-label="Main navigation"&gt;\n
            &lt;!--[if BLOCK]&gt;&lt;![endif]--&gt;                &lt;a href="#about-us" class="text-sm font-semibold text-cool-gray transition-colors duration-200 hover:text-aqua focus-visible:outline-none focus-visible:ring-2 focus-visible:ring-aqua rounded"&gt;About&lt;/a&gt;\n
                            &lt;a href="#services" class="text-sm font-semibold text-cool-gray transition-colors duration-200 hover:text-aqua focus-visible:outline-none focus-visible:ring-2 focus-visible:ring-aqua rounded"&gt;Services&lt;/a&gt;\n
                            &lt;a href="#education" class="text-sm font-semibold text-cool-gray transition-colors duration-200 hover:text-aqua focus-visible:outline-none focus-visible:ring-2 focus-visible:ring-aqua rounded"&gt;Education&lt;/a&gt;\n
                            &lt;a href="#team" class="text-sm font-semibold text-cool-gray transition-colors duration-200 hover:text-aqua focus-visible:outline-none focus-visible:ring-2 focus-visible:ring-aqua rounded"&gt;Team&lt;/a&gt;\n
                            &lt;a href="#location" class="text-sm font-semibold text-cool-gray transition-colors duration-200 hover:text-aqua focus-visible:outline-none focus-visible:ring-2 focus-visible:ring-aqua rounded"&gt;Location&lt;/a&gt;\n
            &lt;!--[if ENDBLOCK]&gt;&lt;![endif]--&gt;\n
            &lt;!-- Contacto principal, subordinado a la presentación institucional --&gt;\n
            &lt;a href="https://wa.me/17867528054?text=Hello%2C%20I%20would%20like%20to%20schedule%20an%20appointment.%20Please%20share%20availability%20and%20booking%20details." target="_blank" rel="noopener noreferrer" class="inline-flex items-center rounded-xl bg-[#02B8BC] px-5 py-2.5 text-sm font-bold text-white shadow-md shadow-[#02B8BC]/10 transition-all duration-200 hover:bg-[#037E93] hover:shadow-lg hover:shadow-[#02B8BC]/20 active:scale-[0.98]"&gt;\n
                Contact KORU\n
            &lt;/a&gt;\n
        &lt;/nav&gt;\n
\n
        &lt;!-- Botón de Menú Móvil --&gt;\n
            &lt;button @click="mobileMenuOpen = !mobileMenuOpen" \n
                type="button"\n
                class="inline-flex items-center justify-center rounded-xl border border-slate-800 bg-slate-950/60 p-2.5 text-cool-gray shadow-sm transition-all hover:border-aqua/40 hover:text-aqua lg:hidden focus:outline-none focus-visible:ring-2 focus-visible:ring-aqua"\n
                aria-expanded="false"\n
                :aria-expanded="mobileMenuOpen.toString()"\n
                aria-controls="mobile-menu"&gt;\n
            &lt;span class="sr-only"&gt;Toggle main menu&lt;/span&gt;\n
            &lt;!-- Icono de Hamburguesa (Se oculta al abrir) --&gt;\n
            &lt;svg x-show="!mobileMenuOpen" class="h-5 w-5" fill="none" viewBox="0 0 24 24" stroke="currentColor" stroke-width="2.2" stroke-linecap="round" stroke-linejoin="round" aria-hidden="true"&gt;\n
                &lt;path d="M4 6h16M4 12h16M4 18h16" /&gt;\n
            &lt;/svg&gt;\n
            &lt;!-- Icono de Cierre (Se muestra al abrir) --&gt;\n
            &lt;svg x-show="mobileMenuOpen" x-cloak class="h-5 w-5" fill="none" viewBox="0 0 24 24" stroke="currentColor" stroke-width="2.2" stroke-linecap="round" stroke-linejoin="round" aria-hidden="true"&gt;\n
                &lt;path d="M6 18L18 6M6 6l12 12" /&gt;\n
            &lt;/svg&gt;\n
        &lt;/button&gt;\n
    &lt;/div&gt;\n
\n
    &lt;!-- Menú Desplegable Móvil --&gt;\n
    &lt;div x-show="mobileMenuOpen" \n
         x-cloak\n
         id="mobile-menu"\n
         x-transition:enter="transition ease-out duration-200"\n
         x-transition:enter-start="opacity-0 -translate-y-2"\n
         x-transition:enter-end="opacity-100 translate-y-0"\n
         x-transition:leave="transition ease-in duration-150"\n
         x-transition:leave-start="opacity-100 translate-y-0"\n
         x-transition:leave-end="opacity-0 -translate-y-2"\n
         class="border-t border-slate-800/80 bg-[#020617] backdrop-blur-xl lg:hidden"&gt;\n
        \n
        &lt;div class="space-y-2 px-4 py-4 shadow-inner"&gt;\n
            &lt;!--[if BLOCK]&gt;&lt;![endif]--&gt;                &lt;!--[if BLOCK]&gt;&lt;![endif]--&gt;                    &lt;a href="#about-us" @click="mobileMenuOpen = false" class="block rounded-xl px-4 py-3 text-sm font-semibold text-cool-gray transition hover:bg-slate-900 hover:text-aqua focus-visible:outline-none focus-visible:ring-2 focus-visible:ring-aqua"&gt;About&lt;/a&gt;\n
                                    &lt;a href="#services" @click="mobileMenuOpen = false" class="block rounded-xl px-4 py-3 text-sm font-semibold text-cool-gray transition hover:bg-slate-900 hover:text-aqua focus-visible:outline-none focus-visible:ring-2 focus-visible:ring-aqua"&gt;Services&lt;/a&gt;\n
                                    &lt;a href="#education" @click="mobileMenuOpen = false" class="block rounded-xl px-4 py-3 text-sm font-semibold text-cool-gray transition hover:bg-slate-900 hover:text-aqua focus-visible:outline-none focus-visible:ring-2 focus-visible:ring-aqua"&gt;Education&lt;/a&gt;\n
                                    &lt;a href="#team" @click="mobileMenuOpen = false" class="block rounded-xl px-4 py-3 text-sm font-semibold text-cool-gray transition hover:bg-slate-900 hover:text-aqua focus-visible:outline-none focus-visible:ring-2 focus-visible:ring-aqua"&gt;Team&lt;/a&gt;\n
                                    &lt;a href="#location" @click="mobileMenuOpen = false" class="block rounded-xl px-4 py-3 text-sm font-semibold text-cool-gray transition hover:bg-slate-900 hover:text-aqua focus-visible:outline-none focus-visible:ring-2 focus-visible:ring-aqua"&gt;Location&lt;/a&gt;\n
                &lt;!--[if ENDBLOCK]&gt;&lt;![endif]--&gt;            &lt;!--[if ENDBLOCK]&gt;&lt;![endif]--&gt;            \n
            &lt;!-- Contacto principal móvil --&gt;\n
            &lt;a href="https://wa.me/17867528054?text=Hello%2C%20I%20would%20like%20to%20schedule%20an%20appointment.%20Please%20share%20availability%20and%20booking%20details." target="_blank" rel="noopener noreferrer" class="block rounded-xl bg-[#02B8BC] px-4 py-3 text-center text-sm font-bold text-white shadow-md transition hover:bg-[#037E93]"&gt;\n
                Contact KORU\n
            &lt;/a&gt;\n
        &lt;/div&gt;\n
    &lt;/div&gt;\n
&lt;/header&gt;\n
\n
    &lt;main class="flex-1 overflow-x-hidden"&gt;\n
            \n
            &lt;div wire:key="lw-580869671-1-1" wire:snapshot="{&amp;quot;data&amp;quot;:{&amp;quot;slides&amp;quot;:[[],{&amp;quot;s&amp;quot;:&amp;quot;arr&amp;quot;}]},&amp;quot;memo&amp;quot;:{&amp;quot;id&amp;quot;:&amp;quot;AbYoxhKBTl6GVnMhUV51&amp;quot;,&amp;quot;name&amp;quot;:&amp;quot;components.hero-carousel&amp;quot;,&amp;quot;path&amp;quot;:&amp;quot;\/&amp;quot;,&amp;quot;method&amp;quot;:&amp;quot;GET&amp;quot;,&amp;quot;release&amp;quot;:&amp;quot;a-a-a&amp;quot;,&amp;quot;children&amp;quot;:[],&amp;quot;scripts&amp;quot;:[],&amp;quot;assets&amp;quot;:[],&amp;quot;errors&amp;quot;:[],&amp;quot;locale&amp;quot;:&amp;quot;en&amp;quot;,&amp;quot;islands&amp;quot;:[]},&amp;quot;checksum&amp;quot;:&amp;quot;5568945da2b240a901a2808436777519704b3b53dc67485193b2d98e989da389&amp;quot;}" wire:effects="[]" wire:id="AbYoxhKBTl6GVnMhUV51" wire:name="components.hero-carousel"&gt;\n
    &lt;!--[if BLOCK]&gt;&lt;![endif]--&gt;        &lt;section id="hero-carousel" class="relative bg-slate-950 text-white overflow-hidden"&gt;\n
            &lt;div class="relative h-screen max-h-[85vh] min-h-[680px] sm:min-h-[750px]"&gt;\n
                &lt;div class="absolute inset-0 bg-gradient-to-r from-slate-950 via-slate-950/70 to-transparent"&gt;&lt;/div&gt;\n
                &lt;div class="absolute inset-0 bg-[radial-gradient(ellipse_at_center,_rgba(14,120,141,0.15)_0%,_transparent_60%)]"&gt;&lt;/div&gt;\n
\n
                &lt;div class="relative h-full max-w-7xl mx-auto px-4 sm:px-6 lg:px-8 flex items-center pt-20"&gt;\n
                    &lt;div class="max-w-2xl w-full"&gt;\n
                        &lt;p class="text-sm font-semibold uppercase tracking-[0.24em] text-[#02B8BC]"&gt;Hero&lt;/p&gt;\n
                        &lt;h2 class="mt-4 text-3xl sm:text-4xl font-extrabold text-white leading-tight"&gt;No hero slides configured&lt;/h2&gt;\n
                        &lt;p class="mt-4 text-base text-slate-300 leading-relaxed"&gt;Add slides from the admin panel to display content on the landing page hero.&lt;/p&gt;\n
                    &lt;/div&gt;\n
                &lt;/div&gt;\n
            &lt;/div&gt;\n
        &lt;/section&gt;\n
    &lt;!--[if ENDBLOCK]&gt;&lt;![endif]--&gt;&lt;/div&gt;\n
\n
            \n
            &lt;!-- CAMBIO: Se mantiene la estructura exacta de espaciado pt-20 pb-24 para consistencia de transiciones --&gt;\n
&lt;section wire:key="lw-580869671-2-1" wire:snapshot="{&amp;quot;data&amp;quot;:{&amp;quot;aboutData&amp;quot;:[{&amp;quot;has_real_data&amp;quot;:false},{&amp;quot;s&amp;quot;:&amp;quot;arr&amp;quot;}],&amp;quot;bookingUrl&amp;quot;:&amp;quot;https:\/\/wa.me\/17867528054?text=Hello%2C%20I%20would%20like%20to%20schedule%20an%20appointment.%20Please%20share%20availability%20and%20booking%20details.&amp;quot;},&amp;quot;memo&amp;quot;:{&amp;quot;id&amp;quot;:&amp;quot;vCEBffITvYhnewWL2sPi&amp;quot;,&amp;quot;name&amp;quot;:&amp;quot;components.about-us&amp;quot;,&amp;quot;path&amp;quot;:&amp;quot;\/&amp;quot;,&amp;quot;method&amp;quot;:&amp;quot;GET&amp;quot;,&amp;quot;release&amp;quot;:&amp;quot;a-a-a&amp;quot;,&amp;quot;children&amp;quot;:[],&amp;quot;scripts&amp;quot;:[],&amp;quot;assets&amp;quot;:[],&amp;quot;errors&amp;quot;:[],&amp;quot;locale&amp;quot;:&amp;quot;en&amp;quot;,&amp;quot;islands&amp;quot;:[]},&amp;quot;checksum&amp;quot;:&amp;quot;13f44e3686f66a0b185e88b0d5894b499d86cc635e6e2533c21af327c9330d09&amp;quot;}" wire:effects="[]" wire:id="vCEBffITvYhnewWL2sPi" wire:name="components.about-us" id="about-us" class="relative pt-20 pb-24 bg-slate-900 text-slate-300 overflow-hidden scroll-mt-24"&gt;\n
    &lt;!-- Luces ambientales de fondo clínicas con gradiente ascendente inverso idéntico al sitio --&gt;\n
    &lt;div\n
        class="absolute inset-0 bg-[radial-gradient(circle_at_50%_120%,_var(--tw-gradient-stops))] from-[#037E93]/10 via-slate-900 to-slate-900"&gt;\n
    &lt;/div&gt;\n
\n
    &lt;div class="relative mx-auto max-w-7xl px-4 sm:px-6 lg:px-8"&gt;\n
\n
        &lt;!--[if BLOCK]&gt;&lt;![endif]--&gt;            &lt;div\n
                class="rounded-3xl border border-dashed border-slate-700 bg-slate-950/40 p-10 text-center shadow-inner shadow-black/10"&gt;\n
                &lt;div\n
                    class="inline-flex items-center gap-2.5 rounded-md bg-[#02B8BC]/10 px-3 py-1 text-xs font-bold uppercase tracking-widest text-[#02B8BC]"&gt;\n
                    About KORU\n
                &lt;/div&gt;\n
                &lt;h2 class="mt-6 text-xl font-semibold text-white"&gt;\n
                    No about content available yet\n
                &lt;/h2&gt;\n
                &lt;p class="mt-3 max-w-sm mx-auto text-sm leading-relaxed text-slate-400"&gt;\n
                    This section is waiting for About KORU content.\n
                &lt;/p&gt;\n
            &lt;/div&gt;\n
        &lt;!--[if ENDBLOCK]&gt;&lt;![endif]--&gt;\n
    &lt;/div&gt;\n
&lt;/section&gt;\n
\n
\n
            \n
            &lt;section wire:key="lw-580869671-3-1" wire:snapshot="{&amp;quot;data&amp;quot;:{&amp;quot;pillarLabels&amp;quot;:[{&amp;quot;manual_therapy&amp;quot;:[{&amp;quot;title&amp;quot;:&amp;quot;Massage Services&amp;quot;,&amp;quot;summary&amp;quot;:&amp;quot;Clinical massage, prenatal care, deep relaxation, and manual recovery.&amp;quot;},{&amp;quot;s&amp;quot;:&amp;quot;arr&amp;quot;}],&amp;quot;recovery_performance&amp;quot;:[{&amp;quot;title&amp;quot;:&amp;quot;Therapy Services&amp;quot;,&amp;quot;summary&amp;quot;:&amp;quot;Assessment, therapeutic rehab, and advanced recovery technology.&amp;quot;},{&amp;quot;s&amp;quot;:&amp;quot;arr&amp;quot;}],&amp;quot;koru_at_home&amp;quot;:[{&amp;quot;title&amp;quot;:&amp;quot;KORU At Home&amp;quot;,&amp;quot;summary&amp;quot;:&amp;quot;Therapeutic massage and advanced recovery in the comfort of your home. Price may vary.&amp;quot;},{&amp;quot;s&amp;quot;:&amp;quot;arr&amp;quot;}]},{&amp;quot;s&amp;quot;:&amp;quot;arr&amp;quot;}],&amp;quot;activePillar&amp;quot;:&amp;quot;manual_therapy&amp;quot;,&amp;quot;servicesByPillar&amp;quot;:[{&amp;quot;iv_therapy&amp;quot;:[[[{&amp;quot;id&amp;quot;:1,&amp;quot;slug&amp;quot;:&amp;quot;nesciunt-totam-consectetur-ut-sit-ipsa-labore&amp;quot;,&amp;quot;title&amp;quot;:&amp;quot;voluptas in optio&amp;quot;,&amp;quot;description&amp;quot;:&amp;quot;Occaecati iure rem officia vel illum.&amp;quot;,&amp;quot;duration&amp;quot;:&amp;quot;30 min&amp;quot;,&amp;quot;image&amp;quot;:&amp;quot;http:\/\/koru.test\/img\/services\/default.jpg&amp;quot;,&amp;quot;price&amp;quot;:&amp;quot;80.00&amp;quot;,&amp;quot;down_payment&amp;quot;:&amp;quot;40.00&amp;quot;,&amp;quot;remaining_balance&amp;quot;:&amp;quot;40.00&amp;quot;,&amp;quot;down_payment_percentage&amp;quot;:50,&amp;quot;has_down_payment&amp;quot;:true,&amp;quot;discount_eligible&amp;quot;:true,&amp;quot;discounted_price&amp;quot;:&amp;quot;40.00&amp;quot;,&amp;quot;discount_percentage&amp;quot;:50,&amp;quot;has_discount&amp;quot;:true,&amp;quot;whatsapp_url&amp;quot;:&amp;quot;https:\/\/wa.me\/17867528054?text=Hello%2C%20I%20would%20like%20more%20information%20about%20the%20voluptas%20in%20optio%20service.%20Price%3A%20USD%2080.00.%20Duration%3A%2030%20min.%20Please%20share%20availability%20and%20the%20next%20steps%20to%20book.&amp;quot;},{&amp;quot;s&amp;quot;:&amp;quot;arr&amp;quot;}]],{&amp;quot;s&amp;quot;:&amp;quot;arr&amp;quot;}]},{&amp;quot;s&amp;quot;:&amp;quot;arr&amp;quot;}]},&amp;quot;memo&amp;quot;:{&amp;quot;id&amp;quot;:&amp;quot;8e0alcZkDm829NeAAti8&amp;quot;,&amp;quot;name&amp;quot;:&amp;quot;components.service-pillars&amp;quot;,&amp;quot;path&amp;quot;:&amp;quot;\/&amp;quot;,&amp;quot;method&amp;quot;:&amp;quot;GET&amp;quot;,&amp;quot;release&amp;quot;:&amp;quot;a-a-a&amp;quot;,&amp;quot;children&amp;quot;:[],&amp;quot;scripts&amp;quot;:[],&amp;quot;assets&amp;quot;:[],&amp;quot;errors&amp;quot;:[],&amp;quot;locale&amp;quot;:&amp;quot;en&amp;quot;,&amp;quot;islands&amp;quot;:[]},&amp;quot;checksum&amp;quot;:&amp;quot;7808abd2a7e374ca5756080a06bae1894925de45fa79cd478648aed33df14c1e&amp;quot;}" wire:effects="[]" wire:id="8e0alcZkDm829NeAAti8" wire:name="components.service-pillars" id="services" class="relative py-24 bg-slate-900 text-slate-300 overflow-hidden scroll-mt-24"&gt;\n
    &lt;!-- Luces ambientales de fondo clínicas --&gt;\n
    &lt;div class="absolute inset-0 bg-[radial-gradient(circle_at_50%_-20%,_var(--tw-gradient-stops))] from-[#037E93]/15 via-slate-900 to-slate-900"&gt;&lt;/div&gt;\n
\n
    &lt;div class="relative mx-auto max-w-7xl px-4 sm:px-6 lg:px-8"&gt;\n
\n
        &lt;!-- Cabecera de la Sección y Selector de Pilares --&gt;\n
        &lt;div class="flex flex-col gap-8 lg:flex-row lg:items-end lg:justify-between mb-16" wire:key="services-header-container"&gt;\n
            \n
            &lt;!-- Bloque de Título con protección de renderizado --&gt;\n
            &lt;div class="max-w-xl" data-sal="slide-right" data-sal-duration="800" data-sal-anchor-placement="top-bottom" wire:ignore&gt;\n
                &lt;div class="inline-flex items-center gap-2.5 rounded-md bg-[#02B8BC]/10 px-3 py-1 text-xs font-bold uppercase tracking-widest text-[#02B8BC]"&gt;\n
                    Service Pillars\n
                &lt;/div&gt;\n
                &lt;h2 id="koru-services-heading" class="mt-4 text-3xl font-extrabold tracking-tight text-white sm:text-4xl"&gt;\n
                    Clinical services built for recovery, performance and wellness.\n
                &lt;/h2&gt;\n
                &lt;p class="mt-4 text-base text-slate-400 text-justify"&gt;\n
                    Explore KORU's clinical massage, recovery technology, and at-home concierge care designed to support your health and performance.\n
                &lt;/p&gt;\n
            &lt;/div&gt;\n
\n
            &lt;!-- Tabs de Pilares Estilizados Tipo Consola --&gt;\n
            &lt;div class="inline-flex flex-wrap gap-2 rounded-2xl border border-slate-800 bg-slate-950/40 p-1.5 backdrop-blur-md animate-fade-in" wire:key="services-tabs-row" role="tablist" aria-label="Service categories"&gt;\n
                &lt;!--[if BLOCK]&gt;&lt;![endif]--&gt;                    &lt;button wire:click="setPillar('manual_therapy')"\n
                            wire:key="pillar-tab-button-manual_therapy" \n
                            type="button"\n
                            role="tab"\n
                            :aria-selected="'manual_therapy' === 'manual_therapy'"\n
                            class="rounded-xl px-4 py-2.5 text-xs font-bold tracking-wide transition-all duration-200 focus:outline-none focus-visible:ring-2 focus-visible:ring-[#02B8BC] \n
                             bg-[#02B8BC] text-white shadow-md shadow-[#02B8BC]/20 \n
                            "&gt;\n
                        Massage Services\n
                    &lt;/button&gt;\n
                                    &lt;button wire:click="setPillar('recovery_performance')"\n
                            wire:key="pillar-tab-button-recovery_performance" \n
                            type="button"\n
                            role="tab"\n
                            :aria-selected="'manual_therapy' === 'recovery_performance'"\n
                            class="rounded-xl px-4 py-2.5 text-xs font-bold tracking-wide transition-all duration-200 focus:outline-none focus-visible:ring-2 focus-visible:ring-[#02B8BC] \n
                             text-slate-400 hover:text-white hover:bg-slate-800/50 "&gt;\n
                        Therapy Services\n
                    &lt;/button&gt;\n
                                    &lt;button wire:click="setPillar('koru_at_home')"\n
                            wire:key="pillar-tab-button-koru_at_home" \n
                            type="button"\n
                            role="tab"\n
                            :aria-selected="'manual_therapy' === 'koru_at_home'"\n
                            class="rounded-xl px-4 py-2.5 text-xs font-bold tracking-wide transition-all duration-200 focus:outline-none focus-visible:ring-2 focus-visible:ring-[#02B8BC] \n
                             text-slate-400 hover:text-white hover:bg-slate-800/50 "&gt;\n
                        KORU At Home\n
                    &lt;/button&gt;\n
                &lt;!--[if ENDBLOCK]&gt;&lt;![endif]--&gt;            &lt;/div&gt;\n
        &lt;/div&gt;\n
\n
        &lt;!-- Contenedor Dinámico con Paginación Reactiva (Alpine.js) --&gt;\n
        &lt;div wire:key="services-dynamic-content-manual_therapy"&gt;\n
            &lt;div x-data="{\n
                    currentPage: 1,\n
                    perPage: 3,\n
                    totalServices: 0,\n
                    get totalPages() { return Math.ceil(this.totalServices / this.perPage) },\n
                    isInPage(index) {\n
                        return index &gt;= (this.currentPage - 1) * this.perPage &amp;&amp; index &lt; this.currentPage * this.perPage;\n
                    },\n
                    nextPage() { \n
                        if (this.currentPage &lt; this.totalPages) {\n
                            this.currentPage++;\n
                        }\n
                    },\n
                    prevPage() { \n
                        if (this.currentPage &gt; 1) {\n
                            this.currentPage--;\n
                        }\n
                    }\n
                 }" \n
                 class="flex flex-col gap-10"&gt;\n
\n
            &lt;!-- Grid de Tarjetas de Servicios --&gt;\n
            &lt;div class="grid gap-6 md:grid-cols-2 lg:grid-cols-3 items-stretch" wire:key="services-grid-manual_therapy"&gt;\n
                &lt;!--[if BLOCK]&gt;&lt;![endif]--&gt;                    &lt;!-- Estado Vacío / Backup del CMS --&gt;\n
                    &lt;div class="col-span-full rounded-3xl border border-dashed border-slate-700 bg-slate-950/40 p-10 text-center shadow-inner shadow-black/10" wire:key="empty-state-manual_therapy"&gt;\n
                        &lt;h4 class="text-xl font-semibold text-white"&gt;No service pillars available yet&lt;/h4&gt;\n
                        &lt;p class="mt-3 max-w-sm mx-auto text-sm leading-relaxed text-slate-400"&gt;This section is waiting for service pillar content.&lt;/p&gt;\n
                    &lt;/div&gt;\n
                &lt;!--[if ENDBLOCK]&gt;&lt;![endif]--&gt;            &lt;/div&gt;\n
\n
            &lt;!-- CONTROLES DE PAGINACIÓN INTERNA --&gt;\n
            &lt;div x-show="totalPages &gt; 1" x-cloak class="flex items-center justify-between border-t border-slate-800/60 pt-6" wire:key="pagination-controls-manual_therapy"&gt;\n
                &lt;span class="text-xs text-slate-500 font-medium"&gt;\n
                    Viewing &lt;span class="text-slate-300" x-text="currentPage"&gt;&lt;/span&gt; of &lt;span class="text-slate-300" x-text="totalPages"&gt;&lt;/span&gt; service pages\n
                &lt;/span&gt;\n
\n
                &lt;div class="flex items-center gap-2"&gt;\n
                    &lt;button @click="prevPage()" :disabled="currentPage === 1" type="button" class="inline-flex h-9 w-9 items-center justify-center rounded-xl border border-slate-800 bg-slate-950/40 text-slate-400 transition hover:bg-slate-800 hover:text-white disabled:opacity-30 disabled:hover:bg-transparent disabled:hover:text-slate-400 focus:outline-none focus-visible:ring-2 focus-visible:ring-[#02B8BC]" aria-label="Previous page"&gt;\n
                        &lt;svg class="h-4 w-4" fill="none" viewBox="0 0 24 24" stroke="currentColor" stroke-width="2.5" aria-hidden="true"&gt;\n
                            &lt;path stroke-linecap="round" stroke-linejoin="round" d="M15 19l-7-7 7-7" /&gt;\n
                        &lt;/svg&gt;\n
                    &lt;/button&gt;\n
\n
                    &lt;button @click="nextPage()" :disabled="currentPage === totalPages" type="button" class="inline-flex h-9 w-9 items-center justify-center rounded-xl border border-slate-800 bg-slate-950/40 text-slate-400 transition hover:bg-slate-800 hover:text-white disabled:opacity-30 disabled:hover:bg-transparent disabled:hover:text-slate-400 focus:outline-none focus-visible:ring-2 focus-visible:ring-[#02B8BC]" aria-label="Next page"&gt;\n
                        &lt;svg class="h-4 w-4" fill="none" viewBox="0 0 24 24" stroke="currentColor" stroke-width="2.5" aria-hidden="true"&gt;\n
                            &lt;path stroke-linecap="round" stroke-linejoin="round" d="M9 5l7 7-7 7" /&gt;\n
                        &lt;/svg&gt;\n
                    &lt;/button&gt;\n
                &lt;/div&gt;\n
            &lt;/div&gt;\n
\n
        &lt;/div&gt;\n
\n
        &lt;/div&gt;\n
    &lt;/div&gt;\n
&lt;/section&gt;\n
\n
            \n
            &lt;section wire:key="lw-580869671-4-pagination-controls-manual_therapy-3" wire:snapshot="{&amp;quot;data&amp;quot;:{&amp;quot;ivDrips&amp;quot;:[[[{&amp;quot;id&amp;quot;:1,&amp;quot;title&amp;quot;:&amp;quot;voluptas in optio&amp;quot;,&amp;quot;description&amp;quot;:&amp;quot;Occaecati iure rem officia vel illum.&amp;quot;,&amp;quot;duration&amp;quot;:&amp;quot;30 min&amp;quot;,&amp;quot;icon&amp;quot;:&amp;quot;drip&amp;quot;,&amp;quot;price&amp;quot;:&amp;quot;80.00&amp;quot;,&amp;quot;down_payment&amp;quot;:&amp;quot;40.00&amp;quot;,&amp;quot;remaining_balance&amp;quot;:&amp;quot;40.00&amp;quot;,&amp;quot;down_payment_percentage&amp;quot;:50,&amp;quot;has_down_payment&amp;quot;:true,&amp;quot;discount_eligible&amp;quot;:true,&amp;quot;discounted_price&amp;quot;:&amp;quot;40.00&amp;quot;,&amp;quot;discount_percentage&amp;quot;:50,&amp;quot;has_discount&amp;quot;:true,&amp;quot;whatsapp_url&amp;quot;:&amp;quot;https:\/\/wa.me\/17867528054?text=Hello%2C%20I%20would%20like%20more%20information%20about%20voluptas%20in%20optio.%20Please%20share%20availability%20and%20the%20next%20steps%20to%20book.&amp;quot;,&amp;quot;type&amp;quot;:&amp;quot;iv&amp;quot;,&amp;quot;type_label&amp;quot;:&amp;quot;IV Infusion Therapy&amp;quot;},{&amp;quot;s&amp;quot;:&amp;quot;arr&amp;quot;}]],{&amp;quot;s&amp;quot;:&amp;quot;arr&amp;quot;}],&amp;quot;boosterShots&amp;quot;:[[],{&amp;quot;s&amp;quot;:&amp;quot;arr&amp;quot;}]},&amp;quot;memo&amp;quot;:{&amp;quot;id&amp;quot;:&amp;quot;GXV4leuydPJAFIIQeDak&amp;quot;,&amp;quot;name&amp;quot;:&amp;quot;components.iv-therapy&amp;quot;,&amp;quot;path&amp;quot;:&amp;quot;\/&amp;quot;,&amp;quot;method&amp;quot;:&amp;quot;GET&amp;quot;,&amp;quot;release&amp;quot;:&amp;quot;a-a-a&amp;quot;,&amp;quot;children&amp;quot;:[],&amp;quot;scripts&amp;quot;:[],&amp;quot;assets&amp;quot;:[],&amp;quot;errors&amp;quot;:[],&amp;quot;locale&amp;quot;:&amp;quot;en&amp;quot;,&amp;quot;islands&amp;quot;:[]},&amp;quot;checksum&amp;quot;:&amp;quot;a0805e1fb4abb5f9bcfa04e289db2a026079466c5f999e831097c4bb188b5c73&amp;quot;}" wire:effects="[]" wire:id="GXV4leuydPJAFIIQeDak" wire:name="components.iv-therapy" id="iv-therapy" class="relative py-24 bg-slate-900 text-slate-300 overflow-hidden scroll-mt-24"&gt;\n
    &lt;div class="absolute inset-0 bg-[radial-gradient(circle_at_70%_20%,_var(--tw-gradient-stops))] from-[#037E93]/15 via-slate-900 to-slate-900"&gt;&lt;/div&gt;\n
\n
    &lt;div class="relative mx-auto max-w-7xl px-4 sm:px-6 lg:px-8"&gt;\n
        &lt;div class="grid gap-8 lg:grid-cols-[1.2fr_0.8fr] items-start mb-16" data-sal="fade" data-sal-duration="800" wire:ignore&gt;\n
            &lt;div&gt;\n
                &lt;div class="inline-flex items-center gap-2.5 rounded-md bg-[#02B8BC]/10 px-3 py-1 text-xs font-bold uppercase tracking-widest text-[#02B8BC]"&gt;\n
                    Wellness Infusions\n
                &lt;/div&gt;\n
                &lt;h2 class="mt-4 text-3xl font-extrabold tracking-tight text-white sm:text-4xl"&gt;\n
                    Advanced hydration, recovery and wellness.\n
                &lt;/h2&gt;\n
                &lt;p class="mt-4 max-w-2xl text-base text-slate-400 text-justify"&gt;\n
                    Each lounge drip is formulated for targeted recovery, energy, and immune support with strict medical guidance and evidence-based nutrient dosing.\n
                &lt;/p&gt;\n
            &lt;/div&gt;\n
\n
            &lt;div class="rounded-2xl border border-slate-800 bg-slate-950/40 p-5 backdrop-blur-sm"&gt;\n
                &lt;h3 class="text-xs font-bold text-white uppercase tracking-wider mb-3 flex items-center gap-2"&gt;\n
                    &lt;span class="h-1.5 w-1.5 rounded-full bg-[#02B8BC]"&gt;&lt;/span&gt;\n
                    Treatment Highlights\n
                &lt;/h3&gt;\n
                &lt;ul class="space-y-2.5 text-xs text-slate-400"&gt;\n
                    &lt;li class="flex items-center gap-2"&gt;\n
                        &lt;svg class="h-3.5 w-3.5 text-[#02B8BC] shrink-0" fill="none" viewBox="0 0 24 24" stroke="currentColor" stroke-width="3" aria-hidden="true"&gt;&lt;path stroke-linecap="round" stroke-linejoin="round" d="M5 13l4 4L19 7"/&gt;&lt;/svg&gt;\n
                        Premium hydration with physician-led protocols.\n
                    &lt;/li&gt;\n
                    &lt;li class="flex items-center gap-2"&gt;\n
                        &lt;svg class="h-3.5 w-3.5 text-[#02B8BC] shrink-0" fill="none" viewBox="0 0 24 24" stroke="currentColor" stroke-width="3" aria-hidden="true"&gt;&lt;path stroke-linecap="round" stroke-linejoin="round" d="M5 13l4 4L19 7"/&gt;&lt;/svg&gt;\n
                        Custom blends for fatigue, performance and immunity.\n
                    &lt;/li&gt;\n
                    &lt;li class="flex items-center gap-2"&gt;\n
                        &lt;svg class="h-3.5 w-3.5 text-[#02B8BC] shrink-0" fill="none" viewBox="0 0 24 24" stroke="currentColor" stroke-width="3" aria-hidden="true"&gt;&lt;path stroke-linecap="round" stroke-linejoin="round" d="M5 13l4 4L19 7"/&gt;&lt;/svg&gt;\n
                        Fast absorption &amp; maximum cellular bioavailability.\n
                    &lt;/li&gt;\n
                &lt;/ul&gt;\n
            &lt;/div&gt;\n
        &lt;/div&gt;\n
\n
        &lt;!--[if BLOCK]&gt;&lt;![endif]--&gt;            &lt;div class="grid items-start gap-8 lg:grid-cols-12"\n
                 x-data="{\n
                    activeCategory: 'iv_therapy',\n
                    activeDrip: 0,\n
                    currentPage: 1,\n
                    get categoryLabel() { return this.activeCategory === 'iv_therapy' ? 'IV Therapy' : 'Booster Shots'; },\n
                    get perPage() { return this.activeCategory === 'iv_therapy' ? 4 : 6; },\n
                    get totalDrips() { return this.activeCategory === 'iv_therapy' ? 1 : 0; },\n
                    get totalPages() { return Math.ceil(this.totalDrips / this.perPage) },\n
                    get activeDripData() { return this.activeCategory === 'iv_therapy' ? JSON.parse('[{\u0022id\u0022:1,\u0022title\u0022:\u0022voluptas in optio\u0022,\u0022description\u0022:\u0022Occaecati iure rem officia vel illum.\u0022,\u0022duration\u0022:\u002230 min\u0022,\u0022icon\u0022:\u0022drip\u0022,\u0022price\u0022:\u002280.00\u0022,\u0022down_payment\u0022:\u002240.00\u0022,\u0022remaining_balance\u0022:\u002240.00\u0022,\u0022down_payment_percentage\u0022:50,\u0022has_down_payment\u0022:true,\u0022discount_eligible\u0022:true,\u0022discounted_price\u0022:\u002240.00\u0022,\u0022discount_percentage\u0022:50,\u0022has_discount\u0022:true,\u0022whatsapp_url\u0022:\u0022https:\\\/\\\/wa.me\\\/17867528054?text=Hello%2C%20I%20would%20like%20more%20information%20about%20voluptas%20in%20optio.%20Please%20share%20availability%20and%20the%20next%20steps%20to%20book.\u0022,\u0022type\u0022:\u0022iv\u0022,\u0022type_label\u0022:\u0022IV Infusion Therapy\u0022}]')[this.activeDrip] : [][this.activeDrip]; },\n
                    isInPage(index) { return index &gt;= (this.currentPage - 1) * this.perPage &amp;&amp; index &lt; this.currentPage * this.perPage; },\n
                    nextPage() { if (this.currentPage &lt; this.totalPages) this.currentPage++; },\n
                    prevPage() { if (this.currentPage &gt; 1) this.currentPage--; },\n
                    goToPage(page) { this.currentPage = page; },\n
                    setCategory(category) { this.activeCategory = category; this.activeDrip = 0; this.currentPage = 1; },\n
                    setFirstActiveInPage() { this.activeDrip = (this.currentPage - 1) * this.perPage; $nextTick(() =&gt; { if (typeof AOS !== 'undefined') AOS.refresh(); }); }\n
                 }"\n
                 x-init="$watch('currentPage', value =&gt; setFirstActiveInPage())"&gt;\n
\n
                &lt;div class="lg:col-span-12 flex gap-2 border-b border-slate-800 pb-4" role="tablist" aria-label="IV service category"&gt;\n
                    &lt;button @click="setCategory('iv_therapy')"\n
                            type="button"\n
                            class="inline-flex items-center gap-2 px-4 py-2 text-sm font-bold uppercase tracking-wider transition-colors focus:outline-none focus-visible:ring-2 focus-visible:ring-[#02B8BC]"\n
                            :class="activeCategory === 'iv_therapy' ? 'border-b-2 border-[#02B8BC] text-[#02B8BC]' : 'text-slate-400 hover:text-white'"\n
                            :aria-selected="activeCategory === 'iv_therapy'"\n
                            role="tab"&gt;\n
                        &lt;svg class="h-4 w-4" viewBox="0 0 24 24" fill="none" stroke="currentColor" stroke-width="2" stroke-linecap="round" stroke-linejoin="round" aria-hidden="true"&gt;\n
                            &lt;path d="M12 22a7 7 0 0 0 7-7c0-4.3-7-13-7-13S5 10.7 5 15a7 7 0 0 0 7 7z" /&gt;\n
                        &lt;/svg&gt;\n
                        IV Therapy\n
                    &lt;/button&gt;\n
                    &lt;button @click="setCategory('booster_shots')"\n
                            type="button"\n
                            class="inline-flex items-center gap-2 px-4 py-2 text-sm font-bold uppercase tracking-wider transition-colors focus:outline-none focus-visible:ring-2 focus-visible:ring-[#02B8BC]"\n
                            :class="activeCategory === 'booster_shots' ? 'border-b-2 border-[#02B8BC] text-[#02B8BC]' : 'text-slate-400 hover:text-white'"\n
                            :aria-selected="activeCategory === 'booster_shots'"\n
                            role="tab"&gt;\n
                        &lt;svg class="h-4 w-4" viewBox="0 0 24 24" fill="none" stroke="currentColor" stroke-width="2" stroke-linecap="round" stroke-linejoin="round" aria-hidden="true"&gt;\n
                            &lt;path d="M10 2h4M12 2v3M7 5h10v12a3 3 0 0 1-3 3h-4a3 3 0 0 1-3-3V5zM12 10v4M10 12h4" /&gt;\n
                        &lt;/svg&gt;\n
                        Booster Shots\n
                    &lt;/button&gt;\n
                &lt;/div&gt;\n
\n
                &lt;div class="lg:order-2 lg:col-span-5 flex flex-col justify-between rounded-3xl border border-slate-800 bg-slate-950/60 p-8 backdrop-blur-md relative overflow-hidden scroll-animate" data-speed="0.08" data-sal="slide-left" data-sal-duration="800"&gt;\n
                    &lt;div class="absolute -left-10 -bottom-10 h-40 w-40 rounded-full bg-[#02B8BC]/10 blur-3xl"&gt;&lt;/div&gt;\n
\n
                    &lt;div class="relative z-10 flex-1 flex flex-col justify-between min-h-[380px] sm:min-h-[340px]"&gt;\n
                        &lt;!--[if BLOCK]&gt;&lt;![endif]--&gt;                            &lt;div x-show="activeCategory === 'iv_therapy' &amp;&amp; activeDrip === 0"\n
                                 x-cloak\n
                                 x-transition:enter="transition ease-out duration-300"\n
                                 x-transition:enter-start="opacity-0 translate-y-4"\n
                                 x-transition:enter-end="opacity-100 translate-y-0"\n
                                 class="space-y-6 h-full flex flex-col justify-between"&gt;\n
\n
                                &lt;div class="space-y-4"&gt;\n
                                    &lt;h3 class="text-2xl font-bold text-white tracking-tight"&gt;\n
                                        voluptas in optio\n
                                    &lt;/h3&gt;\n
\n
                                    &lt;p class="text-sm leading-relaxed text-slate-400 text-justify"&gt;\n
                                        Occaecati iure rem officia vel illum.\n
                                    &lt;/p&gt;\n
                                &lt;/div&gt;\n
\n
                                &lt;div class="space-y-2.5 pt-6 border-t border-slate-800/80 mt-auto"&gt;\n
                                    &lt;div class="flex items-center gap-2.5 text-xs font-medium text-slate-300"&gt;\n
                                        &lt;div class="h-1.5 w-1.5 rounded-full bg-[#02B8BC]"&gt;&lt;/div&gt;\n
                                        Intravenous (IV) infusion\n
                                    &lt;/div&gt;\n
                                    &lt;div class="flex items-center gap-2.5 text-xs font-medium text-slate-300"&gt;\n
                                        &lt;div class="h-1.5 w-1.5 rounded-full bg-[#02B8BC]"&gt;&lt;/div&gt;\n
                                        Medical-grade sterile environment\n
                                    &lt;/div&gt;\n
                                &lt;/div&gt;\n
                            &lt;/div&gt;\n
                        &lt;!--[if ENDBLOCK]&gt;&lt;![endif]--&gt;                        &lt;!--[if BLOCK]&gt;&lt;![endif]--&gt;&lt;!--[if ENDBLOCK]&gt;&lt;![endif]--&gt;                    &lt;/div&gt;\n
\n
                    &lt;div class="mt-8 relative z-10"&gt;\n
                        &lt;a :href="activeDripData?.whatsapp_url || 'https://wa.me/17867528054'"\n
                           target="_blank"\n
                           rel="noopener noreferrer"\n
                           class="inline-flex w-full items-center justify-center gap-2.5 rounded-xl bg-[#02B8BC] px-5 py-4 text-sm font-bold text-white shadow-lg shadow-[#02B8BC]/10 transition-all duration-200 hover:bg-[#037E93] hover:shadow-xl active:scale-[0.99]"&gt;\n
                            &lt;svg class="h-5 w-5 shrink-0" fill="none" viewBox="0 0 24 24" stroke="currentColor" stroke-width="2" aria-hidden="true"&gt;\n
                                &lt;path stroke-linecap="round" stroke-linejoin="round" d="M8 2v4m8-4v4M3 10h18M5 4h14a2 2 0 012 2v13a2 2 0 01-2 2H5a2 2 0 01-2-2V6a2 2 0 012-2z" /&gt;\n
                                &lt;path stroke-linecap="round" stroke-linejoin="round" d="m9 16 2 2 4-4" /&gt;\n
                            &lt;/svg&gt;\n
                            &lt;span x-text="'Reserve ' + categoryLabel"&gt;&lt;/span&gt;\n
                        &lt;/a&gt;\n
                    &lt;/div&gt;\n
                &lt;/div&gt;\n
\n
                &lt;div class="lg:order-1 lg:col-span-7 flex flex-col justify-between scroll-animate" data-speed="0.06" data-sal="slide-right" data-sal-duration="800"&gt;\n
                    &lt;div class="grid gap-3" :class="activeCategory === 'booster_shots' ? 'md:grid-cols-2' : 'grid-cols-1'"&gt;\n
                        &lt;!--[if BLOCK]&gt;&lt;![endif]--&gt;                            &lt;button @click="activeDrip = 0"\n
                                    x-show="activeCategory === 'iv_therapy' &amp;&amp; isInPage(0)"\n
                                    x-cloak\n
                                    x-transition:enter="transition ease-out duration-200"\n
                                    x-transition:enter-start="opacity-0 scale-95"\n
                                    x-transition:enter-end="opacity-100 scale-100"\n
                                    type="button"\n
                                    class="text-left w-full relative flex items-center justify-between rounded-2xl border p-5 transition-all duration-300 focus:outline-none focus-visible:ring-2 focus-visible:ring-[#02B8BC]"\n
                                    :class="activeDrip === 0 \n
                                            ? 'bg-slate-800/60 border-[#02B8BC] shadow-md shadow-[#02B8BC]/5' \n
                                            : 'bg-slate-950/20 border-slate-800/80 hover:bg-slate-800/30 hover:border-slate-700'"\n
                                    :aria-pressed="activeDrip === 0 ? 'true' : 'false'"&gt;\n
\n
                                &lt;div class="flex items-center gap-4"&gt;\n
                                    &lt;div&gt;\n
                                        &lt;h4 class="text-sm font-bold tracking-tight transition-colors"\n
                                            :class="activeDrip === 0 ? 'text-white' : 'text-slate-300'"&gt;\n
                                            voluptas in optio\n
                                        &lt;/h4&gt;\n
                                        &lt;span class="text-[11px] text-slate-500 font-medium tracking-wide block mt-0.5"&gt;Infusion&lt;/span&gt;\n
                                    &lt;/div&gt;\n
                                &lt;/div&gt;\n
\n
                                                                &lt;div class="flex items-center gap-4"&gt;\n
                                    &lt;div class="transition-transform duration-300"\n
                                         :class="activeDrip === 0 ? 'translate-x-0 text-[#02B8BC]' : '-translate-x-1 text-slate-600'"&gt;\n
                                        &lt;svg class="h-4 w-4" fill="none" viewBox="0 0 24 24" stroke="currentColor" stroke-width="3" aria-hidden="true"&gt;\n
                                            &lt;path stroke-linecap="round" stroke-linejoin="round" d="M9 5l7 7-7 7" /&gt;\n
                                        &lt;/svg&gt;\n
                                    &lt;/div&gt;\n
                                &lt;/div&gt;\n
                            &lt;/button&gt;\n
                        &lt;!--[if ENDBLOCK]&gt;&lt;![endif]--&gt;                        &lt;!--[if BLOCK]&gt;&lt;![endif]--&gt;&lt;!--[if ENDBLOCK]&gt;&lt;![endif]--&gt;                    &lt;/div&gt;\n
\n
                    &lt;div x-show="totalPages &gt; 1" x-cloak class="mt-6 flex flex-wrap items-center justify-between gap-4 border-t border-slate-800/60 pt-4"&gt;\n
                        &lt;span class="text-xs text-slate-500 font-medium"&gt;\n
                            Showing IV menu &lt;span class="text-slate-300" x-text="currentPage"&gt;&lt;/span&gt; of &lt;span class="text-slate-300" x-text="totalPages"&gt;&lt;/span&gt;\n
                        &lt;/span&gt;\n
\n
                        &lt;div class="flex items-center gap-1.5"&gt;\n
                            &lt;button @click="prevPage()"\n
                                    :disabled="currentPage === 1"\n
                                    type="button"\n
                                    class="inline-flex h-9 w-9 items-center justify-center rounded-xl border border-slate-800 bg-slate-950/40 text-slate-400 transition hover:bg-slate-800 hover:text-white disabled:opacity-20 disabled:hover:bg-transparent disabled:hover:text-slate-400 focus:outline-none focus-visible:ring-2 focus-visible:ring-[#02B8BC]"\n
                                    aria-label="Previous page"&gt;\n
                                &lt;svg class="h-4 w-4" fill="none" viewBox="0 0 24 24" stroke="currentColor" stroke-width="2.5" aria-hidden="true"&gt;\n
                                    &lt;path stroke-linecap="round" stroke-linejoin="round" d="M15 19l-7-7 7-7" /&gt;\n
                                &lt;/svg&gt;\n
                            &lt;/button&gt;\n
\n
                            &lt;div class="flex items-center gap-1"&gt;\n
                                &lt;template x-for="page in totalPages" :key="page"&gt;\n
                                    &lt;button @click="goToPage(page)"\n
                                            type="button"\n
                                            x-text="page"\n
                                            class="inline-flex h-9 w-9 items-center justify-center rounded-xl text-xs font-bold transition-all duration-200 focus:outline-none focus-visible:ring-2 focus-visible:ring-[#02B8BC]"\n
                                            :class="currentPage === page \n
                                                    ? 'bg-[#02B8BC] text-white shadow-md shadow-[#02B8BC]/10' \n
                                                    : 'border border-slate-800 bg-slate-950/20 text-slate-400 hover:bg-slate-800 hover:text-slate-200'"\n
                                            :aria-label="'Page ' + page"\n
                                            :aria-current="currentPage === page ? 'page' : 'false'"&gt;\n
                                    &lt;/button&gt;\n
                                &lt;/template&gt;\n
                            &lt;/div&gt;\n
\n
                            &lt;button @click="nextPage()"\n
                                    :disabled="currentPage === totalPages"\n
                                    type="button"\n
                                    class="inline-flex h-9 w-9 items-center justify-center rounded-xl border border-slate-800 bg-slate-950/40 text-slate-400 transition hover:bg-slate-800 hover:text-white disabled:opacity-20 disabled:hover:bg-transparent disabled:hover:text-slate-400 focus:outline-none focus-visible:ring-2 focus-visible:ring-[#02B8BC]"\n
                                    aria-label="Next page"&gt;\n
                                &lt;svg class="h-4 w-4" fill="none" viewBox="0 0 24 24" stroke="currentColor" stroke-width="2.5" aria-hidden="true"&gt;\n
                                    &lt;path stroke-linecap="round" stroke-linejoin="round" d="M9 5l7 7-7 7" /&gt;\n
                                &lt;/svg&gt;\n
                            &lt;/button&gt;\n
                        &lt;/div&gt;\n
                    &lt;/div&gt;\n
                &lt;/div&gt;\n
            &lt;/div&gt;\n
        &lt;!--[if ENDBLOCK]&gt;&lt;![endif]--&gt;    &lt;/div&gt;\n
&lt;/section&gt;\n
\n
            \n
            &lt;section wire:key="lw-580869671-5-pagination-controls-manual_therapy-7" wire:snapshot="{&amp;quot;data&amp;quot;:{&amp;quot;testimonials&amp;quot;:[[],{&amp;quot;s&amp;quot;:&amp;quot;arr&amp;quot;}],&amp;quot;perPage&amp;quot;:3,&amp;quot;page&amp;quot;:1},&amp;quot;memo&amp;quot;:{&amp;quot;id&amp;quot;:&amp;quot;TSmehW2bdTEnZEV2mykc&amp;quot;,&amp;quot;name&amp;quot;:&amp;quot;components.testimonials-showcase&amp;quot;,&amp;quot;path&amp;quot;:&amp;quot;\/&amp;quot;,&amp;quot;method&amp;quot;:&amp;quot;GET&amp;quot;,&amp;quot;release&amp;quot;:&amp;quot;a-a-a&amp;quot;,&amp;quot;attributes&amp;quot;:{&amp;quot;wire:lazy&amp;quot;:true},&amp;quot;children&amp;quot;:[],&amp;quot;scripts&amp;quot;:[],&amp;quot;assets&amp;quot;:[],&amp;quot;errors&amp;quot;:[],&amp;quot;locale&amp;quot;:&amp;quot;en&amp;quot;,&amp;quot;islands&amp;quot;:[]},&amp;quot;checksum&amp;quot;:&amp;quot;7de2eade53b26976b880c6c34554bd2f0091d356630319646269076ba5e1dc52&amp;quot;}" wire:effects="[]" wire:id="TSmehW2bdTEnZEV2mykc" wire:name="components.testimonials-showcase" id="testimonials" class="relative py-24 bg-slate-900 text-slate-300 overflow-hidden scroll-mt-24" wire:lazy.1s&gt;\n
    &lt;div class="absolute inset-0 bg-[radial-gradient(circle_at_50%_120%,_var(--tw-gradient-stops))] from-[#037E93]/10 via-slate-900 to-slate-900"&gt;&lt;/div&gt;\n
\n
    &lt;div class="relative mx-auto max-w-7xl px-4 sm:px-6 lg:px-8"&gt;\n
        &lt;div class="mb-16 text-center" data-sal="fade" data-sal-duration="800" wire:ignore&gt;\n
            &lt;div class="inline-flex items-center gap-2.5 rounded-md bg-[#02B8BC]/10 px-3 py-1 text-xs font-bold uppercase tracking-widest text-[#02B8BC]"&gt;\n
                Google Reviews\n
            &lt;/div&gt;\n
            &lt;h2 class="mt-4 text-3xl font-extrabold tracking-tight text-white sm:text-4xl"&gt;\n
                Real experiences from our community\n
            &lt;/h2&gt;\n
            &lt;p class="mt-4 max-w-2xl mx-auto text-sm leading-relaxed text-slate-400"&gt;\n
                Trusted by patients seeking wellness, recovery, and performance support in a caring clinical environment.\n
            &lt;/p&gt;\n
        &lt;/div&gt;\n
\n
        &lt;!--[if BLOCK]&gt;&lt;![endif]--&gt;            &lt;div class="rounded-3xl border border-dashed border-slate-700 bg-slate-950/40 p-10 text-center shadow-inner shadow-black/10"&gt;\n
                &lt;h3 class="text-xl font-semibold text-white"&gt;No client outcomes available yet&lt;/h3&gt;\n
                &lt;p class="mt-3 max-w-sm mx-auto text-sm leading-relaxed text-slate-400"&gt;\n
                    This section is waiting for recovery stories.\n
                &lt;/p&gt;\n
            &lt;/div&gt;\n
        &lt;!--[if ENDBLOCK]&gt;&lt;![endif]--&gt;\n
        &lt;!--[if BLOCK]&gt;&lt;![endif]--&gt;&lt;!--[if ENDBLOCK]&gt;&lt;![endif]--&gt;    &lt;/div&gt;\n
&lt;/section&gt;\n
\n
            \n
            &lt;section wire:key="lw-580869671-6-pagination-controls-manual_therapy-7" wire:snapshot="{&amp;quot;data&amp;quot;:{&amp;quot;packages&amp;quot;:[[[{&amp;quot;id&amp;quot;:1,&amp;quot;name&amp;quot;:&amp;quot;eum ex&amp;quot;,&amp;quot;sessions&amp;quot;:3,&amp;quot;validity&amp;quot;:&amp;quot;Valid for 25 weeks&amp;quot;,&amp;quot;description&amp;quot;:&amp;quot;Officia quisquam exercitationem praesentium dolorem exercitationem rerum minima corporis. Ipsum rerum voluptas vel quaerat et iste repellendus. Est recusandae id vero necessitatibus.&amp;quot;,&amp;quot;price&amp;quot;:&amp;quot;100.00&amp;quot;,&amp;quot;down_payment&amp;quot;:&amp;quot;50.00&amp;quot;,&amp;quot;remaining_balance&amp;quot;:&amp;quot;50.00&amp;quot;,&amp;quot;down_payment_percentage&amp;quot;:50,&amp;quot;has_down_payment&amp;quot;:true,&amp;quot;discount_eligible&amp;quot;:true,&amp;quot;discounted_price&amp;quot;:&amp;quot;50.00&amp;quot;,&amp;quot;discount_percentage&amp;quot;:50,&amp;quot;has_discount&amp;quot;:true,&amp;quot;whatsapp_url&amp;quot;:&amp;quot;https:\/\/wa.me\/17867528054?text=Hello%2C%20I%20would%20like%20to%20book%20the%20eum%20ex%20package.%20Total%20price%3A%20USD%20100.00.%20Sessions%3A%203.%20Validity%3A%20Valid%20for%2025%20weeks.%20Please%20share%20availability%20and%20booking%20details.&amp;quot;},{&amp;quot;s&amp;quot;:&amp;quot;arr&amp;quot;}]],{&amp;quot;s&amp;quot;:&amp;quot;arr&amp;quot;}],&amp;quot;terms&amp;quot;:[[],{&amp;quot;s&amp;quot;:&amp;quot;arr&amp;quot;}]},&amp;quot;memo&amp;quot;:{&amp;quot;id&amp;quot;:&amp;quot;UIFicmGc8WYM8EbOc7D7&amp;quot;,&amp;quot;name&amp;quot;:&amp;quot;components.packages&amp;quot;,&amp;quot;path&amp;quot;:&amp;quot;\/&amp;quot;,&amp;quot;method&amp;quot;:&amp;quot;GET&amp;quot;,&amp;quot;release&amp;quot;:&amp;quot;a-a-a&amp;quot;,&amp;quot;attributes&amp;quot;:{&amp;quot;wire:lazy&amp;quot;:true},&amp;quot;children&amp;quot;:[],&amp;quot;scripts&amp;quot;:[],&amp;quot;assets&amp;quot;:[],&amp;quot;errors&amp;quot;:[],&amp;quot;locale&amp;quot;:&amp;quot;en&amp;quot;,&amp;quot;islands&amp;quot;:[]},&amp;quot;checksum&amp;quot;:&amp;quot;e32289afef153d92a1a1cbacade505eae0457437b0d9f16f9e3bde9388350e75&amp;quot;}" wire:effects="[]" wire:id="UIFicmGc8WYM8EbOc7D7" wire:name="components.packages" id="packages" class="relative py-24 bg-slate-900 text-slate-300 overflow-hidden scroll-mt-24" wire:lazy.1s&gt;\n
    &lt;!-- Fondo premium con gradiente radial de enfoque superior --&gt;\n
    &lt;div class="absolute inset-0 bg-[radial-gradient(circle_at_50%_-20%,_var(--tw-gradient-stops))] from-[#037E93]/15 via-slate-900 to-slate-900"&gt;&lt;/div&gt;\n
\n
    &lt;div class="relative mx-auto max-w-7xl px-4 sm:px-6 lg:px-8"&gt;\n
        \n
        &lt;!-- Cabecera Centralizada --&gt;\n
        &lt;div class="text-center mb-16" data-sal="fade" data-sal-duration="800" wire:ignore&gt;\n
            &lt;div class="inline-flex items-center justify-center gap-2.5 rounded-md bg-[#02B8BC]/10 px-3 py-1 text-xs font-bold uppercase tracking-widest text-[#02B8BC]"&gt;\n
                Packages\n
            &lt;/div&gt;\n
            &lt;h2 class="mt-4 text-3xl md:text-4xl font-extrabold tracking-tight text-white mb-4"&gt;\n
                Flexible Packages Designed for Your Recovery and Performance\n
            &lt;/h2&gt;\n
            &lt;p class="text-sm sm:text-base text-slate-400 max-w-2xl mx-auto leading-relaxed"&gt;\n
                Our therapeutic packages are designed to promote consistent progress, optimize recovery, and deliver long-term results. Choose the option that best suits your goals and schedule.\n
            &lt;/p&gt;\n
        &lt;/div&gt;\n
\n
        &lt;!--[if BLOCK]&gt;&lt;![endif]--&gt;        &lt;!-- Rejilla de Precios / Tarjetas de Paquetes --&gt;\n
        &lt;div class="grid gap-6 md:grid-cols-2 lg:grid-cols-4 items-stretch" wire:key="packages-pricing-grid"&gt;\n
            &lt;!--[if BLOCK]&gt;&lt;![endif]--&gt;                &lt;div wire:key="package-card-1"\n
                     x-data="{ expanded: false }" \n
                     class="group scroll-animate flex flex-col justify-between h-full rounded-3xl border border-slate-800/80 bg-slate-950/40 backdrop-blur-sm p-6 transition-all duration-300 hover:-translate-y-1.5 hover:border-[#02B8BC]/30 hover:bg-slate-950/80 hover:shadow-[0_20px_40px_-15px_rgba(14,120,141,0.15)]" data-speed="0.06" \n
                     data-sal="slide-up" \n
                     data-sal-delay="100" \n
                     data-sal-duration="700"&gt;\n
                    \n
                    &lt;!-- Contenido Superior de la Tarjeta --&gt;\n
                    &lt;div class="flex-1 flex flex-col"&gt;\n
                        &lt;h3 class="text-lg font-bold text-white tracking-tight group-hover:text-[#02B8BC] transition-colors duration-200"&gt;\n
                            eum ex\n
                        &lt;/h3&gt;\n
                        \n
                        &lt;!-- Contenedor de Precio Metódico --&gt;\n
                        &lt;div class="mt-4 flex flex-col gap-2"&gt;\n
                            &lt;div class="flex items-baseline gap-2"&gt;\n
                                &lt;span class="text-3xl font-extrabold text-white font-mono tracking-tight"&gt;\n
                                    $100.00\n
                                &lt;/span&gt;\n
                            &lt;/div&gt;\n
                            &lt;span class="text-xs font-bold uppercase tracking-wider text-slate-500"&gt;Total&lt;/span&gt;\n
                            &lt;!--[if BLOCK]&gt;&lt;![endif]--&gt;                                &lt;span class="text-xs font-semibold uppercase tracking-wide text-emerald-300"&gt;\n
                                    Pay 50% today: $50.00, remaining $50.00\n
                                &lt;/span&gt;\n
                            &lt;!--[if ENDBLOCK]&gt;&lt;![endif]--&gt;                        &lt;/div&gt;\n
                        \n
                        &lt;!-- Badges Informativos --&gt;\n
                        &lt;div class="mt-2.5 flex flex-wrap items-center gap-2"&gt;\n
                            &lt;span class="inline-flex items-center rounded-md bg-[#02B8BC]/10 px-2 py-0.5 text-[10px] font-bold uppercase tracking-wider text-[#02B8BC]"&gt;\n
                                3 Sessions\n
                            &lt;/span&gt;\n
                            &lt;!--[if BLOCK]&gt;&lt;![endif]--&gt;                                &lt;span class="text-[11px] font-medium text-slate-500 font-mono flex items-center gap-1"&gt;\n
                                    &lt;span class="inline-block h-1 w-1 rounded-full bg-slate-700"&gt;&lt;/span&gt;\n
                                    Valid for 25 weeks\n
                                &lt;/span&gt;\n
                            &lt;!--[if ENDBLOCK]&gt;&lt;![endif]--&gt;                        &lt;/div&gt;\n
                        \n
                        &lt;!-- Bloque de Descripción Expandible Interactivo --&gt;\n
                        &lt;div class="relative mt-4 flex-1 flex flex-col justify-between"&gt;\n
                            &lt;div&gt;\n
[...]
                        &lt;svg class="h-4 w-4 text-[#02B8BC]" viewBox="0 0 24 24" fill="none" stroke="currentColor" stroke-width="2" stroke-linecap="round" stroke-linejoin="round" aria-hidden="true"&gt;\n
                            &lt;rect width="20" height="16" x="2" y="4" rx="2" /&gt;\n
                            &lt;path d="m22 7-8.97 5.7a1.94 1.94 0 0 1-2.06 0L2 7" /&gt;\n
                        &lt;/svg&gt;\n
                        &lt;span class="font-medium group-hover:underline decoration-[#02B8BC] text-ellipsis overflow-hidden"&gt;info@korucenter.com&lt;/span&gt;\n
                    &lt;/a&gt;\n
\n
                    &lt;a href="https://wa.me/17867528054" target="_blank" rel="noopener noreferrer" aria-label="Chat on WhatsApp" class="group flex items-center gap-3 text-slate-300 transition hover:text-green-400 focus-visible:outline-none focus-visible:ring-2 focus-visible:ring-green-500 rounded"&gt;\n
                        &lt;svg class="h-4 w-4 text-green-500 fill-current transition group-hover:scale-110" viewBox="0 0 24 24" aria-hidden="true"&gt;\n
                            &lt;path d="M17.472 14.382c-.297-.149-1.758-.867-2.03-.967-.273-.099-.471-.148-.67.15-.197.297-.767.966-.94 1.164-.173.199-.347.223-.644.075-.297-.15-1.255-.463-2.39-1.475-.883-.788-1.48-1.761-1.653-2.059-.173-.297-.018-.458.13-.606.134-.133.298-.347.446-.52.149-.174.198-.298.298-.497.099-.198.05-.371-.025-.52-.075-.149-.669-1.612-.916-2.207-.242-.579-.487-.5-.669-.51-.173-.008-.371-.01-.57-.01-.198 0-.52.074-.792.372-.272.297-1.04 1.016-1.04 2.479 0 1.462 1.065 2.875 1.213 3.074.149.198 2.096 3.2 5.077 4.487.709.306 1.262.489 1.694.625.712.227 1.36.195 1.871.118.571-.085 1.758-.719 2.006-1.413.248-.694.248-1.289.173-1.413-.074-.124-.272-.198-.57-.347m-5.421 7.403h-.004a9.87 9.87 0 01-5.031-1.378l-.361-.214-3.741.982.998-3.648-.235-.374a9.86 9.86 0 01-1.51-5.26c.001-5.45 4.436-9.884 9.888-9.884 2.64 0 5.122 1.03 6.988 2.898a9.825 9.825 0 012.893 6.994c-.003 5.45-4.437 9.884-9.885 9.884m8.413-18.297A11.815 11.815 0 0012.05 0C5.495 0 .16 5.335.157 11.892c0 2.096.547 4.142 1.588 5.945L0 24l6.335-1.662c1.746.953 3.71 1.454 5.709 1.455h.005c6.554 0 11.89-5.335 11.893-11.893a11.821 11.821 0 00-3.48-8.413z"/&gt;\n
                        &lt;/svg&gt;\n
                        &lt;span class="font-medium group-hover:underline decoration-green-500"&gt;Chat on WhatsApp&lt;/span&gt;\n
                    &lt;/a&gt;\n
\n
\n
                &lt;/div&gt;\n
            &lt;/div&gt;\n
\n
            &lt;div class="space-y-4"&gt;\n
                &lt;h3 class="text-xs font-semibold uppercase tracking-[0.2em] text-slate-400"&gt;Schedules&lt;/h3&gt;\n
                &lt;div class="mt-3 space-y-2 text-xs font-medium text-slate-300"&gt;\n
                    &lt;p&gt;Monday - Friday: 8:00 a.m. - 8:00 p.m.&lt;/p&gt;\n
                    &lt;p&gt;Saturday: 9:00 a.m. - 3:00 p.m.&lt;/p&gt;\n
                    &lt;p&gt;Sunday: 9:00 a.m. - 1:00 p.m.&lt;/p&gt;\n
                    &lt;p class="pt-2 text-slate-400"&gt;Appointment required.&lt;/p&gt;\n
                &lt;/div&gt;\n
            &lt;/div&gt;\n
\n
            &lt;div class="space-y-4"&gt;\n
                &lt;h3 class="text-xs font-semibold uppercase tracking-[0.2em] text-slate-400"&gt;Location&lt;/h3&gt;\n
                &lt;div class="group relative overflow-hidden rounded-xl border border-slate-800 bg-slate-900 shadow-xl transition-all duration-300 hover:border-slate-700"&gt;\n
                    &lt;div class="flex flex-col items-center justify-center h-36 w-full text-center p-4"&gt;\n
                        &lt;svg class="h-8 w-8 text-[#02B8BC] mb-2" viewBox="0 0 24 24" fill="none" stroke="currentColor" stroke-width="2" stroke-linecap="round" stroke-linejoin="round" aria-hidden="true"&gt;\n
                            &lt;path d="M20 10c0 6-8 12-8 12s-8-6-8-12a8 8 0 0 1 16 0Z" /&gt;\n
                            &lt;circle cx="12" cy="10" r="3" /&gt;\n
                        &lt;/svg&gt;\n
                        &lt;p class="text-xs text-slate-400 leading-relaxed"&gt;\n
                            6405 NW 36th St, #100, Virginia Gardens FL 33166\n
                        &lt;/p&gt;\n
                        &lt;a href="https://www.google.com/maps/dir/?api=1&amp;destination=6405+NW+36th+St,+Virginia+Gardens,+FL+33166" \n
                           target="_blank" \n
                           rel="noopener noreferrer"\n
                           class="mt-3 inline-flex items-center gap-2 rounded-lg bg-slate-800/60 border border-slate-700 px-3 py-1.5 text-xs font-bold text-slate-200 transition hover:bg-[#02B8BC] hover:border-[#02B8BC] hover:text-white"&gt;\n
                            &lt;svg class="h-3.5 w-3.5" viewBox="0 0 24 24" fill="none" stroke="currentColor" stroke-width="2.5" aria-hidden="true"&gt;\n
                                &lt;path stroke-linecap="round" stroke-linejoin="round" d="M12 2a8 8 0 0 0-8 8c0 5.4 8 12 8 12s8-6.6 8-12a8 8 0 0 0-8-8Z" /&gt;\n
                                &lt;circle cx="12" cy="10" r="3" /&gt;\n
                            &lt;/svg&gt;\n
                            Open in Google Maps\n
                        &lt;/a&gt;\n
                    &lt;/div&gt;\n
                &lt;/div&gt;\n
            &lt;/div&gt;\n
\n
        &lt;/div&gt;\n
    &lt;/div&gt;\n
\n
    &lt;div class="relative border-t border-slate-800 bg-slate-950/40"&gt;\n
        &lt;div class="mx-auto max-w-7xl px-4 py-6 sm:px-6 lg:px-8 flex flex-col sm:flex-row items-center justify-between gap-4"&gt;\n
            &lt;p class="text-center text-xs text-slate-500 sm:text-left"&gt;\n
                © 2026 KORU Center. All rights reserved.\n
            &lt;/p&gt;\n
            &lt;div class="flex gap-4 text-[11px] text-slate-500"&gt;\n
                &lt;a href="#" class="hover:text-slate-400 transition focus-visible:outline-none focus-visible:ring-2 focus-visible:ring-[#02B8BC] rounded"&gt;Privacy Policy&lt;/a&gt;\n
                &lt;a href="#" class="hover:text-slate-400 transition focus-visible:outline-none focus-visible:ring-2 focus-visible:ring-[#02B8BC] rounded"&gt;Terms of Service&lt;/a&gt;\n
            &lt;/div&gt;\n
        &lt;/div&gt;\n
    &lt;/div&gt;\n
&lt;/footer&gt;\n
        &lt;/main&gt;\n
    &lt;/div&gt;\n
    &lt;/main&gt;\n
\n
    &lt;!-- Livewire Scripts --&gt;\n
&lt;script src="http://koru.test/livewire-2daa0ef9/livewire.js?id=4735e441"   data-csrf="iUT9qN61npii2EvVAsheM0tTOYTaoQROdseCPQn8" data-module-url="http://koru.test/livewire-2daa0ef9" data-update-uri="http://koru.test/livewire-2daa0ef9/update" data-navigate-once="true" defer="true"&gt;&lt;/script&gt;\n
\n
    &lt;!-- Floating WhatsApp Button --&gt;\n
    &lt;a href="https://wa.me/17867528054"\n
       target="_blank"\n
       rel="noopener noreferrer"\n
       aria-label="Chat with us on WhatsApp"\n
        class="whatsapp-float fixed right-6 z-50 inline-flex items-center gap-2 rounded-full bg-aqua px-3 py-2.5 pr-5 text-white shadow-lg shadow-aqua/25 transition-all duration-200 hover:bg-teal hover:shadow-xl hover:shadow-aqua/35 hover:-translate-y-0.5 active:scale-[0.97] active:translate-y-0 focus-visible:outline-none focus-visible:ring-2 focus-visible:ring-white focus-visible:ring-offset-2 focus-visible:ring-offset-[#0b1329]"\n
        :class="cookieConsent === null ? 'bottom-24' : 'bottom-6'"&gt;\n
        &lt;span class="flex items-center justify-center w-9 h-9 sm:w-10 sm:h-10 rounded-full bg-white/15"&gt;\n
            &lt;svg class="w-5 h-5 sm:w-6 sm:h-6" viewBox="0 0 24 24" fill="currentColor" aria-hidden="true"&gt;\n
                &lt;path d="M17.472 14.382c-.297-.149-1.758-.867-2.03-.967-.273-.099-.471-.148-.67.15-.197.297-.767.966-.94 1.164-.173.199-.347.223-.644.075-.297-.15-1.255-.463-2.39-1.475-.883-.788-1.48-1.761-1.653-2.059-.173-.297-.018-.458.13-.606.134-.133.298-.347.446-.52.149-.174.198-.298.298-.497.099-.198.05-.371-.025-.52-.075-.149-.669-1.612-.916-2.207-.242-.579-.487-.5-.669-.51-.173-.008-.371-.01-.57-.01-.198 0-.52.074-.792.372-.272.297-1.04 1.016-1.04 2.479 0 1.462 1.065 2.875 1.213 3.074.149.198 2.096 3.2 5.077 4.487.709.306 1.262.489 1.694.625.712.227 1.36.195 1.871.118.571-.085 1.758-.719 2.006-1.413.248-.694.248-1.289.173-1.413-.074-.124-.272-.198-.57-.347m-5.421 7.403h-.004a9.87 9.87 0 01-5.031-1.378l-.361-.214-3.741.982.998-3.648-.235-.374a9.86 9.86 0 01-1.51-5.26c.001-5.45 4.436-9.884 9.888-9.884 2.64 0 5.122 1.03 6.988 2.898a9.825 9.825 0 012.893 6.994c-.003 5.45-4.437 9.884-9.885 9.884m8.413-18.297A11.815 11.815 0 0012.05 0C5.495 0 .16 5.335.157 11.892c0 2.096.547 4.142 1.588 5.945L0 24l6.335-1.662c1.746.953 3.71 1.454 5.709 1.455h.005c6.554 0 11.89-5.335 11.893-11.893a11.821 11.821 0 00-3.48-8.413z"/&gt;\n
            &lt;/svg&gt;\n
        &lt;/span&gt;\n
        &lt;span class="hidden sm:inline-flex items-center text-sm font-semibold tracking-wide"&gt;Chat with us&lt;/span&gt;\n
    &lt;/a&gt;\n
\n
    &lt;section\n
        x-cloak\n
        x-show="cookieConsent === null"\n
        x-transition:enter="transition ease-out duration-300"\n
        x-transition:enter-start="translate-y-full opacity-0"\n
        x-transition:enter-end="translate-y-0 opacity-100"\n
        x-transition:leave="transition ease-in duration-200"\n
        x-transition:leave-start="translate-y-0 opacity-100"\n
        x-transition:leave-end="translate-y-full opacity-0"\n
        class="fixed inset-x-0 bottom-0 z-40 border-t border-slate-700/80 bg-[#020617]/[.98] px-4 py-4 text-white shadow-2xl shadow-black/30 sm:px-6"\n
        role="dialog"\n
        aria-label="Cookie consent"&gt;\n
        &lt;div class="mx-auto flex max-w-7xl flex-col gap-4 sm:flex-row sm:items-center sm:justify-between"&gt;\n
            &lt;div class="max-w-3xl"&gt;\n
                &lt;h2 class="text-sm font-bold text-white"&gt;We value your privacy&lt;/h2&gt;\n
                &lt;p class="mt-1 text-xs leading-5 text-slate-300 sm:text-sm"&gt;\n
                    We use cookies to improve your experience and understand how our website is used.\n
                    You can accept or reject optional cookies at any time.\n
                &lt;/p&gt;\n
            &lt;/div&gt;\n
            &lt;div class="flex shrink-0 flex-col gap-2 sm:flex-row"&gt;\n
                &lt;button\n
                    type="button"\n
                    @click="cookieConsent = 'rejected'; localStorage.setItem('koru_cookie_consent', 'rejected')"\n
                    class="rounded-lg border border-slate-600 px-4 py-2 text-sm font-semibold text-slate-200 transition hover:border-slate-400 hover:text-white focus-visible:outline-none focus-visible:ring-2 focus-visible:ring-aqua"&gt;\n
                    Reject\n
                &lt;/button&gt;\n
                &lt;button\n
                    type="button"\n
                    @click="cookieConsent = 'accepted'; localStorage.setItem('koru_cookie_consent', 'accepted')"\n
                    class="rounded-lg bg-aqua px-4 py-2 text-sm font-bold text-white transition hover:bg-teal focus-visible:outline-none focus-visible:ring-2 focus-visible:ring-aqua focus-visible:ring-offset-2 focus-visible:ring-offset-[#020617]"&gt;\n
                    Accept cookies\n
                &lt;/button&gt;\n
            &lt;/div&gt;\n
        &lt;/div&gt;\n
    &lt;/section&gt;\n
&lt;/body&gt;\n
\n
&lt;/html&gt;\n
' [UTF-8](length: 80310) contains "activeCategory: &amp;#039;iv_therapy&amp;#039;" [ASCII](length: 38).
&#13;
C:\laragon\www\Koru\vendor\laravel\framework\src\Illuminate\Testing\TestResponseAssert.php:45
C:\laragon\www\Koru\vendor\laravel\framework\src\Illuminate\Testing\TestResponse.php:713
C:\laragon\www\Koru\tests\Feature\LandingPageWhatsAppPreloadTest.php:74</failure>
        </testcase>
        <testcase name="test_price_may_vary_services_do_not_include_price_or_duration_in_whatsapp_message" file="C:\laragon\www\Koru\tests\Feature\LandingPageWhatsAppPreloadTest.php" line="78" class="Tests\Feature\LandingPageWhatsAppPreloadTest" classname="Tests.Feature.LandingPageWhatsAppPreloadTest" assertions="2" time="0.035856"/>
      </testsuite>
      <testsuite name="Tests\Feature\PackageManagerPageTest" file="C:\laragon\www\Koru\tests\Feature\PackageManagerPageTest.php" tests="4" assertions="9" errors="0" failures="0" skipped="0" time="0.129783">
        <testcase name="test_package_terms_are_reseeded_without_stale_records" file="C:\laragon\www\Koru\tests\Feature\PackageManagerPageTest.php" line="17" class="Tests\Feature\PackageManagerPageTest" classname="Tests.Feature.PackageManagerPageTest" assertions="3" time="0.039071"/>
        <testcase name="test_package_manager_only_exposes_active_terms" file="C:\laragon\www\Koru\tests\Feature\PackageManagerPageTest.php" line="38" class="Tests\Feature\PackageManagerPageTest" classname="Tests.Feature.PackageManagerPageTest" assertions="1" time="0.025135"/>
        <testcase name="test_packages_can_be_linked_to_their_terms_through_a_relationship" file="C:\laragon\www\Koru\tests\Feature\PackageManagerPageTest.php" line="67" class="Tests\Feature\PackageManagerPageTest" classname="Tests.Feature.PackageManagerPageTest" assertions="1" time="0.018134"/>
        <testcase name="test_package_price_rejects_values_above_decimal_limit" file="C:\laragon\www\Koru\tests\Feature\PackageManagerPageTest.php" line="81" class="Tests\Feature\PackageManagerPageTest" classname="Tests.Feature.PackageManagerPageTest" assertions="4" time="0.047444"/>
      </testsuite>
      <testsuite name="Tests\Feature\PasswordResetTest" file="C:\laragon\www\Koru\tests\Feature\PasswordResetTest.php" tests="11" assertions="36" errors="0" failures="0" skipped="0" time="1.967620">
        <testcase name="test_forgot_password_page_renders" file="C:\laragon\www\Koru\tests\Feature\PasswordResetTest.php" line="19" class="Tests\Feature\PasswordResetTest" classname="Tests.Feature.PasswordResetTest" assertions="2" time="0.026087"/>
        <testcase name="test_forgot_password_sends_link_for_existing_admin" file="C:\laragon\www\Koru\tests\Feature\PasswordResetTest.php" line="26" class="Tests\Feature\PasswordResetTest" classname="Tests.Feature.PasswordResetTest" assertions="3" time="0.232340"/>
        <testcase name="test_forgot_password_rejects_unknown_email" file="C:\laragon\www\Koru\tests\Feature\PasswordResetTest.php" line="41" class="Tests\Feature\PasswordResetTest" classname="Tests.Feature.PasswordResetTest" assertions="5" time="0.020349"/>
        <testcase name="test_forgot_password_rejects_non_admin_account" file="C:\laragon\www\Koru\tests\Feature\PasswordResetTest.php" line="54" class="Tests\Feature\PasswordResetTest" classname="Tests.Feature.PasswordResetTest" assertions="5" time="0.021283"/>
        <testcase name="test_reset_password_page_renders" file="C:\laragon\www\Koru\tests\Feature\PasswordResetTest.php" line="69" class="Tests\Feature\PasswordResetTest" classname="Tests.Feature.PasswordResetTest" assertions="2" time="0.023603"/>
        <testcase name="test_reset_password_updates_credentials_and_allows_login" file="C:\laragon\www\Koru\tests\Feature\PasswordResetTest.php" line="79" class="Tests\Feature\PasswordResetTest" classname="Tests.Feature.PasswordResetTest" assertions="3" time="0.411224"/>
        <testcase name="test_reset_password_rejects_weak_password" file="C:\laragon\www\Koru\tests\Feature\PasswordResetTest.php" line="100" class="Tests\Feature\PasswordResetTest" classname="Tests.Feature.PasswordResetTest" assertions="3" time="0.026499"/>
        <testcase name="test_reset_password_rejects_password_without_complexity" file="C:\laragon\www\Koru\tests\Feature\PasswordResetTest.php" line="113" class="Tests\Feature\PasswordResetTest" classname="Tests.Feature.PasswordResetTest" assertions="6" time="0.035409"/>
        <testcase name="test_reset_password_rejects_non_matching_confirmation" file="C:\laragon\www\Koru\tests\Feature\PasswordResetTest.php" line="135" class="Tests\Feature\PasswordResetTest" classname="Tests.Feature.PasswordResetTest" assertions="3" time="0.388748"/>
        <testcase name="test_reset_password_rejects_invalid_token" file="C:\laragon\www\Koru\tests\Feature\PasswordResetTest.php" line="148" class="Tests\Feature\PasswordResetTest" classname="Tests.Feature.PasswordResetTest" assertions="3" time="0.553774"/>
        <testcase name="test_reset_notification_includes_username" file="C:\laragon\www\Koru\tests\Feature\PasswordResetTest.php" line="160" class="Tests\Feature\PasswordResetTest" classname="Tests.Feature.PasswordResetTest" assertions="1" time="0.228304"/>
      </testsuite>
      <testsuite name="Tests\Feature\ServiceManagerFilterTest" file="C:\laragon\www\Koru\tests\Feature\ServiceManagerFilterTest.php" tests="2" assertions="7" errors="0" failures="0" skipped="0" time="0.050031">
        <testcase name="test_service_manager_filters_by_category" file="C:\laragon\www\Koru\tests\Feature\ServiceManagerFilterTest.php" line="27" class="Tests\Feature\ServiceManagerFilterTest" classname="Tests.Feature.ServiceManagerFilterTest" assertions="4" time="0.027166"/>
        <testcase name="test_service_manager_shows_all_services_when_filter_is_all" file="C:\laragon\www\Koru\tests\Feature\ServiceManagerFilterTest.php" line="43" class="Tests\Feature\ServiceManagerFilterTest" classname="Tests.Feature.ServiceManagerFilterTest" assertions="3" time="0.022866"/>
      </testsuite>
      <testsuite name="Tests\Feature\ServicePillarsTest" file="C:\laragon\www\Koru\tests\Feature\ServicePillarsTest.php" tests="4" assertions="9" errors="0" failures="0" skipped="0" time="0.075908">
        <testcase name="test_default_active_pillar_is_manual_therapy" file="C:\laragon\www\Koru\tests\Feature\ServicePillarsTest.php" line="25" class="Tests\Feature\ServicePillarsTest" classname="Tests.Feature.ServicePillarsTest" assertions="3" time="0.016118"/>
        <testcase name="test_switching_pillar_updates_active_state_and_content" file="C:\laragon\www\Koru\tests\Feature\ServicePillarsTest.php" line="36" class="Tests\Feature\ServicePillarsTest" classname="Tests.Feature.ServicePillarsTest" assertions="3" time="0.021508"/>
        <testcase name="test_switching_to_medical_services_pillar_works" file="C:\laragon\www\Koru\tests\Feature\ServicePillarsTest.php" line="48" class="Tests\Feature\ServicePillarsTest" classname="Tests.Feature.ServicePillarsTest" assertions="2" time="0.019339"/>
        <testcase name="test_invalid_pillar_is_ignored" file="C:\laragon\www\Koru\tests\Feature\ServicePillarsTest.php" line="59" class="Tests\Feature\ServicePillarsTest" classname="Tests.Feature.ServicePillarsTest" assertions="1" time="0.018942"/>
      </testsuite>
      <testsuite name="Tests\Feature\TeamAdminTest" file="C:\laragon\www\Koru\tests\Feature\TeamAdminTest.php" tests="4" assertions="11" errors="0" failures="0" skipped="0" time="0.129863">
        <testcase name="test_admin_team_page_is_accessible" file="C:\laragon\www\Koru\tests\Feature\TeamAdminTest.php" line="24" class="Tests\Feature\TeamAdminTest" classname="Tests.Feature.TeamAdminTest" assertions="2" time="0.026131"/>
        <testcase name="test_admin_can_create_a_team_member" file="C:\laragon\www\Koru\tests\Feature\TeamAdminTest.php" line="34" class="Tests\Feature\TeamAdminTest" classname="Tests.Feature.TeamAdminTest" assertions="2" time="0.031187"/>
        <testcase name="test_admin_can_edit_a_team_member" file="C:\laragon\www\Koru\tests\Feature\TeamAdminTest.php" line="55" class="Tests\Feature\TeamAdminTest" classname="Tests.Feature.TeamAdminTest" assertions="3" time="0.036511"/>
        <testcase name="test_instagram_handle_requires_valid_format" file="C:\laragon\www\Koru\tests\Feature\TeamAdminTest.php" line="82" class="Tests\Feature\TeamAdminTest" classname="Tests.Feature.TeamAdminTest" assertions="4" time="0.036034"/>
      </testsuite>
    </testsuite>
  </testsuite>
</testsuites>
